{"/Users/pavanrathod/pdf-generation-serverless/src/handlers/generatePDF.js": {"path":"/Users/pavanrathod/pdf-generation-serverless/src/handlers/generatePDF.js","statementMap":{"0":{"start":{"line":1,"column":18},"end":{"line":1,"column":43}},"1":{"start":{"line":2,"column":17},"end":{"line":2,"column":45}},"2":{"start":{"line":3,"column":23},"end":{"line":3,"column":57}},"3":{"start":{"line":4,"column":15},"end":{"line":4,"column":41}},"4":{"start":{"line":5,"column":15},"end":{"line":5,"column":41}},"5":{"start":{"line":12,"column":4},"end":{"line":12,"column":49}},"6":{"start":{"line":13,"column":32},"end":{"line":13,"column":66}},"7":{"start":{"line":14,"column":42},"end":{"line":14,"column":71}},"8":{"start":{"line":17,"column":24},"end":{"line":17,"column":33}},"9":{"start":{"line":18,"column":27},"end":{"line":21,"column":63}},"10":{"start":{"line":23,"column":0},"end":{"line":29,"column":1}},"11":{"start":{"line":24,"column":2},"end":{"line":28,"column":3}},"12":{"start":{"line":25,"column":4},"end":{"line":25,"column":45}},"13":{"start":{"line":27,"column":4},"end":{"line":27,"column":74}},"14":{"start":{"line":31,"column":0},"end":{"line":296,"column":2}},"15":{"start":{"line":32,"column":20},"end":{"line":32,"column":55}},"16":{"start":{"line":33,"column":2},"end":{"line":33,"column":79}},"17":{"start":{"line":35,"column":2},"end":{"line":295,"column":3}},"18":{"start":{"line":36,"column":18},"end":{"line":36,"column":86}},"19":{"start":{"line":37,"column":21},"end":{"line":37,"column":72}},"20":{"start":{"line":40,"column":4},"end":{"line":40,"column":64}},"21":{"start":{"line":42,"column":39},"end":{"line":42,"column":92}},"22":{"start":{"line":44,"column":24},"end":{"line":50,"column":5}},"23":{"start":{"line":52,"column":4},"end":{"line":52,"column":75}},"24":{"start":{"line":56,"column":4},"end":{"line":56,"column":100}},"25":{"start":{"line":59,"column":31},"end":{"line":62,"column":67}},"26":{"start":{"line":64,"column":4},"end":{"line":130,"column":5}},"27":{"start":{"line":66,"column":6},"end":{"line":80,"column":8}},"28":{"start":{"line":83,"column":28},"end":{"line":92,"column":7}},"29":{"start":{"line":94,"column":24},"end":{"line":94,"column":29}},"30":{"start":{"line":95,"column":6},"end":{"line":107,"column":7}},"31":{"start":{"line":96,"column":8},"end":{"line":106,"column":9}},"32":{"start":{"line":97,"column":21},"end":{"line":97,"column":34}},"33":{"start":{"line":98,"column":10},"end":{"line":103,"column":11}},"34":{"start":{"line":99,"column":12},"end":{"line":99,"column":48}},"35":{"start":{"line":100,"column":12},"end":{"line":100,"column":31}},"36":{"start":{"line":101,"column":12},"end":{"line":101,"column":60}},"37":{"start":{"line":102,"column":12},"end":{"line":102,"column":18}},"38":{"start":{"line":109,"column":6},"end":{"line":120,"column":7}},"39":{"start":{"line":110,"column":8},"end":{"line":110,"column":82}},"40":{"start":{"line":112,"column":8},"end":{"line":119,"column":9}},"41":{"start":{"line":113,"column":10},"end":{"line":118,"column":11}},"42":{"start":{"line":114,"column":12},"end":{"line":114,"column":53}},"43":{"start":{"line":115,"column":12},"end":{"line":115,"column":69}},"44":{"start":{"line":117,"column":12},"end":{"line":117,"column":82}},"45":{"start":{"line":123,"column":6},"end":{"line":129,"column":8}},"46":{"start":{"line":132,"column":4},"end":{"line":132,"column":111}},"47":{"start":{"line":133,"column":4},"end":{"line":133,"column":75}},"48":{"start":{"line":136,"column":4},"end":{"line":169,"column":5}},"49":{"start":{"line":137,"column":6},"end":{"line":137,"column":62}},"50":{"start":{"line":139,"column":6},"end":{"line":139,"column":67}},"51":{"start":{"line":142,"column":6},"end":{"line":168,"column":7}},"52":{"start":{"line":143,"column":8},"end":{"line":165,"column":9}},"53":{"start":{"line":144,"column":10},"end":{"line":144,"column":68}},"54":{"start":{"line":145,"column":10},"end":{"line":145,"column":51}},"55":{"start":{"line":146,"column":10},"end":{"line":160,"column":13}},"56":{"start":{"line":161,"column":10},"end":{"line":161,"column":78}},"57":{"start":{"line":163,"column":10},"end":{"line":163,"column":93}},"58":{"start":{"line":164,"column":10},"end":{"line":164,"column":126}},"59":{"start":{"line":167,"column":8},"end":{"line":167,"column":26}},"60":{"start":{"line":171,"column":17},"end":{"line":171,"column":40}},"61":{"start":{"line":172,"column":24},"end":{"line":172,"column":26}},"62":{"start":{"line":174,"column":4},"end":{"line":230,"column":5}},"63":{"start":{"line":176,"column":8},"end":{"line":176,"column":65}},"64":{"start":{"line":177,"column":8},"end":{"line":189,"column":9}},"65":{"start":{"line":178,"column":10},"end":{"line":178,"column":69}},"66":{"start":{"line":180,"column":10},"end":{"line":180,"column":66}},"67":{"start":{"line":181,"column":10},"end":{"line":188,"column":11}},"68":{"start":{"line":182,"column":37},"end":{"line":182,"column":67}},"69":{"start":{"line":183,"column":12},"end":{"line":183,"column":88}},"70":{"start":{"line":184,"column":12},"end":{"line":184,"column":42}},"71":{"start":{"line":185,"column":12},"end":{"line":185,"column":71}},"72":{"start":{"line":187,"column":12},"end":{"line":187,"column":22}},"73":{"start":{"line":190,"column":8},"end":{"line":190,"column":14}},"74":{"start":{"line":195,"column":8},"end":{"line":195,"column":69}},"75":{"start":{"line":196,"column":8},"end":{"line":208,"column":9}},"76":{"start":{"line":197,"column":10},"end":{"line":197,"column":80}},"77":{"start":{"line":199,"column":10},"end":{"line":199,"column":76}},"78":{"start":{"line":200,"column":10},"end":{"line":207,"column":11}},"79":{"start":{"line":201,"column":37},"end":{"line":201,"column":67}},"80":{"start":{"line":202,"column":12},"end":{"line":202,"column":98}},"81":{"start":{"line":203,"column":12},"end":{"line":203,"column":42}},"82":{"start":{"line":204,"column":12},"end":{"line":204,"column":82}},"83":{"start":{"line":206,"column":12},"end":{"line":206,"column":22}},"84":{"start":{"line":209,"column":8},"end":{"line":209,"column":14}},"85":{"start":{"line":212,"column":8},"end":{"line":212,"column":66}},"86":{"start":{"line":213,"column":8},"end":{"line":225,"column":9}},"87":{"start":{"line":214,"column":10},"end":{"line":214,"column":70}},"88":{"start":{"line":216,"column":10},"end":{"line":216,"column":67}},"89":{"start":{"line":217,"column":10},"end":{"line":224,"column":11}},"90":{"start":{"line":218,"column":37},"end":{"line":218,"column":67}},"91":{"start":{"line":219,"column":12},"end":{"line":219,"column":89}},"92":{"start":{"line":220,"column":12},"end":{"line":220,"column":42}},"93":{"start":{"line":221,"column":12},"end":{"line":221,"column":72}},"94":{"start":{"line":223,"column":12},"end":{"line":223,"column":22}},"95":{"start":{"line":226,"column":8},"end":{"line":226,"column":14}},"96":{"start":{"line":229,"column":8},"end":{"line":229,"column":73}},"97":{"start":{"line":232,"column":4},"end":{"line":232,"column":26}},"98":{"start":{"line":234,"column":4},"end":{"line":236,"column":5}},"99":{"start":{"line":235,"column":6},"end":{"line":235,"column":67}},"100":{"start":{"line":238,"column":4},"end":{"line":238,"column":75}},"101":{"start":{"line":240,"column":15},"end":{"line":240,"column":17}},"102":{"start":{"line":242,"column":4},"end":{"line":252,"column":5}},"103":{"start":{"line":243,"column":6},"end":{"line":249,"column":7}},"104":{"start":{"line":244,"column":8},"end":{"line":244,"column":134}},"105":{"start":{"line":245,"column":8},"end":{"line":245,"column":134}},"106":{"start":{"line":246,"column":8},"end":{"line":246,"column":81}},"107":{"start":{"line":248,"column":8},"end":{"line":248,"column":91}},"108":{"start":{"line":251,"column":6},"end":{"line":251,"column":70}},"109":{"start":{"line":254,"column":21},"end":{"line":259,"column":5}},"110":{"start":{"line":261,"column":4},"end":{"line":261,"column":67}},"111":{"start":{"line":263,"column":4},"end":{"line":272,"column":6}},"112":{"start":{"line":275,"column":4},"end":{"line":275,"column":58}},"113":{"start":{"line":277,"column":26},"end":{"line":281,"column":5}},"114":{"start":{"line":283,"column":4},"end":{"line":283,"column":72}},"115":{"start":{"line":285,"column":4},"end":{"line":294,"column":6}}},"fnMap":{"0":{"name":"(anonymous_0)","decl":{"start":{"line":31,"column":25},"end":{"line":31,"column":26}},"loc":{"start":{"line":31,"column":42},"end":{"line":296,"column":1}},"line":31}},"branchMap":{"0":{"loc":{"start":{"line":18,"column":27},"end":{"line":21,"column":63}},"type":"binary-expr","locations":[{"start":{"line":18,"column":27},"end":{"line":18,"column":59}},{"start":{"line":19,"column":26},"end":{"line":19,"column":53}},{"start":{"line":20,"column":26},"end":{"line":20,"column":55}},{"start":{"line":21,"column":26},"end":{"line":21,"column":63}}],"line":18},"1":{"loc":{"start":{"line":23,"column":0},"end":{"line":29,"column":1}},"type":"if","locations":[{"start":{"line":23,"column":0},"end":{"line":29,"column":1}},{"start":{},"end":{}}],"line":23},"2":{"loc":{"start":{"line":32,"column":20},"end":{"line":32,"column":55}},"type":"binary-expr","locations":[{"start":{"line":32,"column":20},"end":{"line":32,"column":49}},{"start":{"line":32,"column":53},"end":{"line":32,"column":55}}],"line":32},"3":{"loc":{"start":{"line":36,"column":18},"end":{"line":36,"column":86}},"type":"cond-expr","locations":[{"start":{"line":36,"column":51},"end":{"line":36,"column":73}},{"start":{"line":36,"column":76},"end":{"line":36,"column":86}}],"line":36},"4":{"loc":{"start":{"line":37,"column":21},"end":{"line":37,"column":72}},"type":"cond-expr","locations":[{"start":{"line":37,"column":36},"end":{"line":37,"column":60}},{"start":{"line":37,"column":63},"end":{"line":37,"column":72}}],"line":37},"5":{"loc":{"start":{"line":47,"column":17},"end":{"line":47,"column":108}},"type":"cond-expr","locations":[{"start":{"line":47,"column":64},"end":{"line":47,"column":103}},{"start":{"line":47,"column":106},"end":{"line":47,"column":108}}],"line":47},"6":{"loc":{"start":{"line":59,"column":31},"end":{"line":62,"column":67}},"type":"binary-expr","locations":[{"start":{"line":59,"column":31},"end":{"line":59,"column":63}},{"start":{"line":60,"column":30},"end":{"line":60,"column":57}},{"start":{"line":61,"column":30},"end":{"line":61,"column":59}},{"start":{"line":62,"column":30},"end":{"line":62,"column":67}}],"line":59},"7":{"loc":{"start":{"line":64,"column":4},"end":{"line":130,"column":5}},"type":"if","locations":[{"start":{"line":64,"column":4},"end":{"line":130,"column":5}},{"start":{"line":121,"column":11},"end":{"line":130,"column":5}}],"line":64},"8":{"loc":{"start":{"line":98,"column":10},"end":{"line":103,"column":11}},"type":"if","locations":[{"start":{"line":98,"column":10},"end":{"line":103,"column":11}},{"start":{},"end":{}}],"line":98},"9":{"loc":{"start":{"line":109,"column":6},"end":{"line":120,"column":7}},"type":"if","locations":[{"start":{"line":109,"column":6},"end":{"line":120,"column":7}},{"start":{},"end":{}}],"line":109},"10":{"loc":{"start":{"line":112,"column":8},"end":{"line":119,"column":9}},"type":"if","locations":[{"start":{"line":112,"column":8},"end":{"line":119,"column":9}},{"start":{},"end":{}}],"line":112},"11":{"loc":{"start":{"line":132,"column":45},"end":{"line":132,"column":109}},"type":"cond-expr","locations":[{"start":{"line":132,"column":79},"end":{"line":132,"column":95}},{"start":{"line":132,"column":98},"end":{"line":132,"column":109}}],"line":132},"12":{"loc":{"start":{"line":142,"column":6},"end":{"line":168,"column":7}},"type":"if","locations":[{"start":{"line":142,"column":6},"end":{"line":168,"column":7}},{"start":{"line":166,"column":13},"end":{"line":168,"column":7}}],"line":142},"13":{"loc":{"start":{"line":142,"column":10},"end":{"line":142,"column":74}},"type":"binary-expr","locations":[{"start":{"line":142,"column":10},"end":{"line":142,"column":41}},{"start":{"line":142,"column":45},"end":{"line":142,"column":74}}],"line":142},"14":{"loc":{"start":{"line":174,"column":4},"end":{"line":230,"column":5}},"type":"switch","locations":[{"start":{"line":175,"column":6},"end":{"line":190,"column":14}},{"start":{"line":192,"column":6},"end":{"line":192,"column":17}},{"start":{"line":193,"column":6},"end":{"line":193,"column":19}},{"start":{"line":194,"column":6},"end":{"line":209,"column":14}},{"start":{"line":211,"column":6},"end":{"line":226,"column":14}},{"start":{"line":228,"column":6},"end":{"line":229,"column":73}}],"line":174},"15":{"loc":{"start":{"line":181,"column":10},"end":{"line":188,"column":11}},"type":"if","locations":[{"start":{"line":181,"column":10},"end":{"line":188,"column":11}},{"start":{"line":186,"column":17},"end":{"line":188,"column":11}}],"line":181},"16":{"loc":{"start":{"line":200,"column":10},"end":{"line":207,"column":11}},"type":"if","locations":[{"start":{"line":200,"column":10},"end":{"line":207,"column":11}},{"start":{"line":205,"column":17},"end":{"line":207,"column":11}}],"line":200},"17":{"loc":{"start":{"line":217,"column":10},"end":{"line":224,"column":11}},"type":"if","locations":[{"start":{"line":217,"column":10},"end":{"line":224,"column":11}},{"start":{"line":222,"column":17},"end":{"line":224,"column":11}}],"line":217},"18":{"loc":{"start":{"line":234,"column":4},"end":{"line":236,"column":5}},"type":"if","locations":[{"start":{"line":234,"column":4},"end":{"line":236,"column":5}},{"start":{},"end":{}}],"line":234},"19":{"loc":{"start":{"line":234,"column":8},"end":{"line":234,"column":47}},"type":"binary-expr","locations":[{"start":{"line":234,"column":8},"end":{"line":234,"column":22}},{"start":{"line":234,"column":26},"end":{"line":234,"column":47}}],"line":234},"20":{"loc":{"start":{"line":242,"column":4},"end":{"line":252,"column":5}},"type":"if","locations":[{"start":{"line":242,"column":4},"end":{"line":252,"column":5}},{"start":{"line":250,"column":11},"end":{"line":252,"column":5}}],"line":242}},"s":{"0":1,"1":1,"2":1,"3":1,"4":1,"5":1,"6":1,"7":1,"8":1,"9":1,"10":1,"11":1,"12":1,"13":1,"14":1,"15":50,"16":48,"17":48,"18":48,"19":47,"20":46,"21":45,"22":45,"23":45,"24":45,"25":45,"26":45,"27":45,"28":45,"29":45,"30":45,"31":293,"32":293,"33":293,"34":10,"35":10,"36":10,"37":10,"38":45,"39":35,"40":35,"41":35,"42":35,"43":0,"44":35,"45":0,"46":45,"47":45,"48":45,"49":45,"50":7,"51":7,"52":6,"53":6,"54":6,"55":0,"56":0,"57":6,"58":6,"59":1,"60":38,"61":38,"62":38,"63":0,"64":0,"65":0,"66":0,"67":0,"68":0,"69":0,"70":0,"71":0,"72":0,"73":0,"74":37,"75":37,"76":37,"77":6,"78":6,"79":5,"80":5,"81":0,"82":0,"83":1,"84":31,"85":1,"86":1,"87":1,"88":1,"89":1,"90":0,"91":0,"92":0,"93":0,"94":1,"95":0,"96":0,"97":31,"98":30,"99":1,"100":29,"101":29,"102":29,"103":27,"104":27,"105":25,"106":25,"107":2,"108":2,"109":29,"110":29,"111":29,"112":19,"113":19,"114":19,"115":19},"f":{"0":50},"b":{"0":[1,1,1,1],"1":[1,0],"2":[50,1],"3":[3,45],"4":[2,44],"5":[44,1],"6":[45,30,30,30],"7":[45,0],"8":[10,275],"9":[35,10],"10":[35,0],"11":[45,0],"12":[6,1],"13":[7,7],"14":[0,0,0,37,1,0],"15":[0,0],"16":[5,1],"17":[0,1],"18":[1,29],"19":[30,29],"20":[27,2]},"inputSourceMap":null,"_coverageSchema":"1a1c01bbd47fc00a2c39e90264f33305004495a9","hash":"4b10263593fbc2605a25cef93236a5b2cfa04ecb"}
,"/Users/pavanrathod/pdf-generation-serverless/src/handlers/getPDF.js": {"path":"/Users/pavanrathod/pdf-generation-serverless/src/handlers/getPDF.js","statementMap":{"0":{"start":{"line":1,"column":32},"end":{"line":1,"column":66}},"1":{"start":{"line":2,"column":15},"end":{"line":2,"column":41}},"2":{"start":{"line":3,"column":15},"end":{"line":3,"column":41}},"3":{"start":{"line":5,"column":0},"end":{"line":86,"column":2}},"4":{"start":{"line":6,"column":20},"end":{"line":6,"column":55}},"5":{"start":{"line":7,"column":2},"end":{"line":7,"column":89}},"6":{"start":{"line":9,"column":2},"end":{"line":85,"column":3}},"7":{"start":{"line":10,"column":19},"end":{"line":10,"column":52}},"8":{"start":{"line":12,"column":4},"end":{"line":24,"column":5}},"9":{"start":{"line":13,"column":28},"end":{"line":13,"column":70}},"10":{"start":{"line":14,"column":6},"end":{"line":14,"column":68}},"11":{"start":{"line":16,"column":6},"end":{"line":23,"column":8}},"12":{"start":{"line":26,"column":21},"end":{"line":26,"column":25}},"13":{"start":{"line":28,"column":4},"end":{"line":37,"column":5}},"14":{"start":{"line":29,"column":6},"end":{"line":34,"column":7}},"15":{"start":{"line":30,"column":8},"end":{"line":30,"column":163}},"16":{"start":{"line":31,"column":8},"end":{"line":31,"column":74}},"17":{"start":{"line":33,"column":8},"end":{"line":33,"column":90}},"18":{"start":{"line":36,"column":6},"end":{"line":36,"column":61}},"19":{"start":{"line":39,"column":4},"end":{"line":69,"column":5}},"20":{"start":{"line":40,"column":30},"end":{"line":44,"column":7}},"21":{"start":{"line":45,"column":6},"end":{"line":45,"column":70}},"22":{"start":{"line":47,"column":6},"end":{"line":56,"column":8}},"23":{"start":{"line":58,"column":31},"end":{"line":58,"column":57}},"24":{"start":{"line":59,"column":6},"end":{"line":59,"column":71}},"25":{"start":{"line":61,"column":6},"end":{"line":68,"column":8}},"26":{"start":{"line":72,"column":4},"end":{"line":72,"column":57}},"27":{"start":{"line":74,"column":26},"end":{"line":74,"column":50}},"28":{"start":{"line":75,"column":4},"end":{"line":75,"column":66}},"29":{"start":{"line":77,"column":4},"end":{"line":84,"column":6}}},"fnMap":{"0":{"name":"(anonymous_0)","decl":{"start":{"line":5,"column":25},"end":{"line":5,"column":26}},"loc":{"start":{"line":5,"column":42},"end":{"line":86,"column":1}},"line":5}},"branchMap":{"0":{"loc":{"start":{"line":6,"column":20},"end":{"line":6,"column":55}},"type":"binary-expr","locations":[{"start":{"line":6,"column":20},"end":{"line":6,"column":49}},{"start":{"line":6,"column":53},"end":{"line":6,"column":55}}],"line":6},"1":{"loc":{"start":{"line":10,"column":19},"end":{"line":10,"column":52}},"type":"binary-expr","locations":[{"start":{"line":10,"column":19},"end":{"line":10,"column":46}},{"start":{"line":10,"column":50},"end":{"line":10,"column":52}}],"line":10},"2":{"loc":{"start":{"line":12,"column":4},"end":{"line":24,"column":5}},"type":"if","locations":[{"start":{"line":12,"column":4},"end":{"line":24,"column":5}},{"start":{},"end":{}}],"line":12},"3":{"loc":{"start":{"line":28,"column":4},"end":{"line":37,"column":5}},"type":"if","locations":[{"start":{"line":28,"column":4},"end":{"line":37,"column":5}},{"start":{"line":35,"column":11},"end":{"line":37,"column":5}}],"line":28},"4":{"loc":{"start":{"line":39,"column":4},"end":{"line":69,"column":5}},"type":"if","locations":[{"start":{"line":39,"column":4},"end":{"line":69,"column":5}},{"start":{"line":57,"column":11},"end":{"line":69,"column":5}}],"line":39}},"s":{"0":1,"1":1,"2":1,"3":1,"4":36,"5":34,"6":34,"7":34,"8":34,"9":6,"10":6,"11":6,"12":28,"13":28,"14":21,"15":21,"16":19,"17":2,"18":3,"19":24,"20":17,"21":17,"22":17,"23":7,"24":7,"25":7,"26":4,"27":4,"28":4,"29":4},"f":{"0":36},"b":{"0":[36,5],"1":[34,2],"2":[6,28],"3":[21,3],"4":[17,7]},"inputSourceMap":null,"_coverageSchema":"1a1c01bbd47fc00a2c39e90264f33305004495a9","hash":"b23930c88d0390a6034bcf7d9e5637afa809e6df"}
,"/Users/pavanrathod/pdf-generation-serverless/src/handlers/onepmFSR.js": {"path":"/Users/pavanrathod/pdf-generation-serverless/src/handlers/onepmFSR.js","statementMap":{"0":{"start":{"line":1,"column":18},"end":{"line":1,"column":43}},"1":{"start":{"line":2,"column":17},"end":{"line":2,"column":45}},"2":{"start":{"line":3,"column":25},"end":{"line":3,"column":45}},"3":{"start":{"line":4,"column":23},"end":{"line":4,"column":57}},"4":{"start":{"line":5,"column":15},"end":{"line":5,"column":41}},"5":{"start":{"line":6,"column":15},"end":{"line":6,"column":41}},"6":{"start":{"line":14,"column":4},"end":{"line":14,"column":49}},"7":{"start":{"line":15,"column":32},"end":{"line":15,"column":66}},"8":{"start":{"line":16,"column":42},"end":{"line":16,"column":71}},"9":{"start":{"line":19,"column":24},"end":{"line":19,"column":40}},"10":{"start":{"line":20,"column":26},"end":{"line":20,"column":30}},"11":{"start":{"line":22,"column":0},"end":{"line":279,"column":2}},"12":{"start":{"line":23,"column":20},"end":{"line":23,"column":55}},"13":{"start":{"line":24,"column":2},"end":{"line":24,"column":75}},"14":{"start":{"line":26,"column":2},"end":{"line":278,"column":3}},"15":{"start":{"line":27,"column":18},"end":{"line":27,"column":86}},"16":{"start":{"line":28,"column":21},"end":{"line":28,"column":72}},"17":{"start":{"line":31,"column":4},"end":{"line":31,"column":61}},"18":{"start":{"line":33,"column":4},"end":{"line":35,"column":5}},"19":{"start":{"line":34,"column":6},"end":{"line":34,"column":67}},"20":{"start":{"line":37,"column":27},"end":{"line":47,"column":5}},"21":{"start":{"line":49,"column":22},"end":{"line":49,"column":24}},"22":{"start":{"line":50,"column":15},"end":{"line":50,"column":17}},"23":{"start":{"line":51,"column":31},"end":{"line":51,"column":33}},"24":{"start":{"line":54,"column":30},"end":{"line":58,"column":12}},"25":{"start":{"line":60,"column":30},"end":{"line":64,"column":12}},"26":{"start":{"line":66,"column":26},"end":{"line":66,"column":126}},"27":{"start":{"line":67,"column":22},"end":{"line":67,"column":106}},"28":{"start":{"line":68,"column":28},"end":{"line":68,"column":136}},"29":{"start":{"line":69,"column":25},"end":{"line":69,"column":121}},"30":{"start":{"line":70,"column":23},"end":{"line":70,"column":111}},"31":{"start":{"line":71,"column":29},"end":{"line":71,"column":141}},"32":{"start":{"line":73,"column":4},"end":{"line":73,"column":66}},"33":{"start":{"line":77,"column":4},"end":{"line":93,"column":5}},"34":{"start":{"line":79,"column":6},"end":{"line":83,"column":8}},"35":{"start":{"line":86,"column":6},"end":{"line":92,"column":8}},"36":{"start":{"line":96,"column":4},"end":{"line":167,"column":5}},"37":{"start":{"line":98,"column":23},"end":{"line":98,"column":89}},"38":{"start":{"line":98,"column":66},"end":{"line":98,"column":87}},"39":{"start":{"line":100,"column":6},"end":{"line":100,"column":98}},"40":{"start":{"line":100,"column":33},"end":{"line":100,"column":96}},"41":{"start":{"line":102,"column":6},"end":{"line":166,"column":7}},"42":{"start":{"line":102,"column":19},"end":{"line":102,"column":20}},"43":{"start":{"line":103,"column":27},"end":{"line":103,"column":41}},"44":{"start":{"line":104,"column":30},"end":{"line":104,"column":91}},"45":{"start":{"line":107,"column":8},"end":{"line":116,"column":11}},"46":{"start":{"line":118,"column":43},"end":{"line":118,"column":100}},"47":{"start":{"line":120,"column":28},"end":{"line":134,"column":9}},"48":{"start":{"line":136,"column":24},"end":{"line":136,"column":69}},"49":{"start":{"line":137,"column":21},"end":{"line":137,"column":44}},"50":{"start":{"line":138,"column":28},"end":{"line":138,"column":30}},"51":{"start":{"line":140,"column":8},"end":{"line":140,"column":75}},"52":{"start":{"line":141,"column":8},"end":{"line":157,"column":9}},"53":{"start":{"line":142,"column":10},"end":{"line":142,"column":106}},"54":{"start":{"line":143,"column":10},"end":{"line":143,"column":82}},"55":{"start":{"line":144,"column":10},"end":{"line":144,"column":51}},"56":{"start":{"line":146,"column":10},"end":{"line":146,"column":78}},"57":{"start":{"line":147,"column":10},"end":{"line":156,"column":11}},"58":{"start":{"line":148,"column":37},"end":{"line":148,"column":67}},"59":{"start":{"line":149,"column":12},"end":{"line":149,"column":100}},"60":{"start":{"line":150,"column":12},"end":{"line":150,"column":42}},"61":{"start":{"line":151,"column":12},"end":{"line":151,"column":108}},"62":{"start":{"line":152,"column":12},"end":{"line":152,"column":84}},"63":{"start":{"line":153,"column":12},"end":{"line":153,"column":53}},"64":{"start":{"line":155,"column":12},"end":{"line":155,"column":22}},"65":{"start":{"line":159,"column":8},"end":{"line":159,"column":30}},"66":{"start":{"line":161,"column":8},"end":{"line":163,"column":9}},"67":{"start":{"line":162,"column":10},"end":{"line":162,"column":93}},"68":{"start":{"line":165,"column":8},"end":{"line":165,"column":81}},"69":{"start":{"line":170,"column":24},"end":{"line":182,"column":5}},"70":{"start":{"line":184,"column":20},"end":{"line":184,"column":65}},"71":{"start":{"line":185,"column":17},"end":{"line":185,"column":40}},"72":{"start":{"line":186,"column":24},"end":{"line":186,"column":26}},"73":{"start":{"line":188,"column":4},"end":{"line":188,"column":66}},"74":{"start":{"line":189,"column":4},"end":{"line":205,"column":5}},"75":{"start":{"line":190,"column":6},"end":{"line":190,"column":90}},"76":{"start":{"line":191,"column":6},"end":{"line":191,"column":74}},"77":{"start":{"line":192,"column":6},"end":{"line":192,"column":49}},"78":{"start":{"line":194,"column":6},"end":{"line":194,"column":75}},"79":{"start":{"line":195,"column":6},"end":{"line":204,"column":7}},"80":{"start":{"line":196,"column":33},"end":{"line":196,"column":63}},"81":{"start":{"line":197,"column":8},"end":{"line":197,"column":97}},"82":{"start":{"line":198,"column":8},"end":{"line":198,"column":38}},"83":{"start":{"line":199,"column":8},"end":{"line":199,"column":92}},"84":{"start":{"line":200,"column":8},"end":{"line":200,"column":76}},"85":{"start":{"line":201,"column":8},"end":{"line":201,"column":51}},"86":{"start":{"line":203,"column":8},"end":{"line":203,"column":18}},"87":{"start":{"line":207,"column":4},"end":{"line":207,"column":26}},"88":{"start":{"line":209,"column":4},"end":{"line":211,"column":5}},"89":{"start":{"line":210,"column":6},"end":{"line":210,"column":83}},"90":{"start":{"line":214,"column":4},"end":{"line":214,"column":51}},"91":{"start":{"line":215,"column":32},"end":{"line":215,"column":60}},"92":{"start":{"line":216,"column":4},"end":{"line":216,"column":72}},"93":{"start":{"line":217,"column":4},"end":{"line":217,"column":40}},"94":{"start":{"line":220,"column":4},"end":{"line":234,"column":5}},"95":{"start":{"line":221,"column":6},"end":{"line":231,"column":7}},"96":{"start":{"line":222,"column":8},"end":{"line":222,"column":140}},"97":{"start":{"line":223,"column":8},"end":{"line":223,"column":134}},"98":{"start":{"line":224,"column":8},"end":{"line":224,"column":81}},"99":{"start":{"line":225,"column":8},"end":{"line":225,"column":45}},"100":{"start":{"line":226,"column":8},"end":{"line":226,"column":35}},"101":{"start":{"line":227,"column":8},"end":{"line":227,"column":71}},"102":{"start":{"line":228,"column":8},"end":{"line":228,"column":64}},"103":{"start":{"line":230,"column":8},"end":{"line":230,"column":91}},"104":{"start":{"line":233,"column":6},"end":{"line":233,"column":70}},"105":{"start":{"line":236,"column":21},"end":{"line":242,"column":5}},"106":{"start":{"line":244,"column":4},"end":{"line":244,"column":63}},"107":{"start":{"line":246,"column":4},"end":{"line":255,"column":6}},"108":{"start":{"line":258,"column":4},"end":{"line":258,"column":64}},"109":{"start":{"line":260,"column":26},"end":{"line":264,"column":5}},"110":{"start":{"line":266,"column":4},"end":{"line":266,"column":68}},"111":{"start":{"line":268,"column":4},"end":{"line":277,"column":6}}},"fnMap":{"0":{"name":"(anonymous_0)","decl":{"start":{"line":22,"column":25},"end":{"line":22,"column":26}},"loc":{"start":{"line":22,"column":42},"end":{"line":279,"column":1}},"line":22},"1":{"name":"(anonymous_1)","decl":{"start":{"line":98,"column":49},"end":{"line":98,"column":50}},"loc":{"start":{"line":98,"column":66},"end":{"line":98,"column":87}},"line":98},"2":{"name":"(anonymous_2)","decl":{"start":{"line":100,"column":23},"end":{"line":100,"column":24}},"loc":{"start":{"line":100,"column":33},"end":{"line":100,"column":96}},"line":100}},"branchMap":{"0":{"loc":{"start":{"line":23,"column":20},"end":{"line":23,"column":55}},"type":"binary-expr","locations":[{"start":{"line":23,"column":20},"end":{"line":23,"column":49}},{"start":{"line":23,"column":53},"end":{"line":23,"column":55}}],"line":23},"1":{"loc":{"start":{"line":27,"column":18},"end":{"line":27,"column":86}},"type":"cond-expr","locations":[{"start":{"line":27,"column":51},"end":{"line":27,"column":73}},{"start":{"line":27,"column":76},"end":{"line":27,"column":86}}],"line":27},"2":{"loc":{"start":{"line":28,"column":21},"end":{"line":28,"column":72}},"type":"cond-expr","locations":[{"start":{"line":28,"column":36},"end":{"line":28,"column":60}},{"start":{"line":28,"column":63},"end":{"line":28,"column":72}}],"line":28},"3":{"loc":{"start":{"line":33,"column":4},"end":{"line":35,"column":5}},"type":"if","locations":[{"start":{"line":33,"column":4},"end":{"line":35,"column":5}},{"start":{},"end":{}}],"line":33},"4":{"loc":{"start":{"line":54,"column":30},"end":{"line":58,"column":12}},"type":"cond-expr","locations":[{"start":{"line":55,"column":8},"end":{"line":55,"column":23}},{"start":{"line":56,"column":8},"end":{"line":58,"column":12}}],"line":54},"5":{"loc":{"start":{"line":54,"column":30},"end":{"line":54,"column":76}},"type":"binary-expr","locations":[{"start":{"line":54,"column":30},"end":{"line":54,"column":46}},{"start":{"line":54,"column":50},"end":{"line":54,"column":76}}],"line":54},"6":{"loc":{"start":{"line":56,"column":8},"end":{"line":58,"column":12}},"type":"cond-expr","locations":[{"start":{"line":57,"column":10},"end":{"line":57,"column":29}},{"start":{"line":58,"column":10},"end":{"line":58,"column":12}}],"line":56},"7":{"loc":{"start":{"line":56,"column":8},"end":{"line":56,"column":39}},"type":"binary-expr","locations":[{"start":{"line":56,"column":8},"end":{"line":56,"column":16}},{"start":{"line":56,"column":20},"end":{"line":56,"column":39}}],"line":56},"8":{"loc":{"start":{"line":60,"column":30},"end":{"line":64,"column":12}},"type":"cond-expr","locations":[{"start":{"line":61,"column":8},"end":{"line":61,"column":32}},{"start":{"line":62,"column":8},"end":{"line":64,"column":12}}],"line":60},"9":{"loc":{"start":{"line":60,"column":30},"end":{"line":60,"column":93}},"type":"binary-expr","locations":[{"start":{"line":60,"column":30},"end":{"line":60,"column":54}},{"start":{"line":60,"column":58},"end":{"line":60,"column":93}}],"line":60},"10":{"loc":{"start":{"line":62,"column":8},"end":{"line":64,"column":12}},"type":"cond-expr","locations":[{"start":{"line":63,"column":10},"end":{"line":63,"column":37}},{"start":{"line":64,"column":10},"end":{"line":64,"column":12}}],"line":62},"11":{"loc":{"start":{"line":62,"column":8},"end":{"line":62,"column":47}},"type":"binary-expr","locations":[{"start":{"line":62,"column":8},"end":{"line":62,"column":16}},{"start":{"line":62,"column":20},"end":{"line":62,"column":47}}],"line":62},"12":{"loc":{"start":{"line":66,"column":26},"end":{"line":66,"column":126}},"type":"cond-expr","locations":[{"start":{"line":66,"column":49},"end":{"line":66,"column":69}},{"start":{"line":66,"column":72},"end":{"line":66,"column":126}}],"line":66},"13":{"loc":{"start":{"line":66,"column":72},"end":{"line":66,"column":126}},"type":"cond-expr","locations":[{"start":{"line":66,"column":98},"end":{"line":66,"column":121}},{"start":{"line":66,"column":124},"end":{"line":66,"column":126}}],"line":66},"14":{"loc":{"start":{"line":67,"column":22},"end":{"line":67,"column":106}},"type":"cond-expr","locations":[{"start":{"line":67,"column":41},"end":{"line":67,"column":57}},{"start":{"line":67,"column":60},"end":{"line":67,"column":106}}],"line":67},"15":{"loc":{"start":{"line":67,"column":60},"end":{"line":67,"column":106}},"type":"cond-expr","locations":[{"start":{"line":67,"column":82},"end":{"line":67,"column":101}},{"start":{"line":67,"column":104},"end":{"line":67,"column":106}}],"line":67},"16":{"loc":{"start":{"line":68,"column":28},"end":{"line":68,"column":136}},"type":"cond-expr","locations":[{"start":{"line":68,"column":53},"end":{"line":68,"column":75}},{"start":{"line":68,"column":78},"end":{"line":68,"column":136}}],"line":68},"17":{"loc":{"start":{"line":68,"column":78},"end":{"line":68,"column":136}},"type":"cond-expr","locations":[{"start":{"line":68,"column":106},"end":{"line":68,"column":131}},{"start":{"line":68,"column":134},"end":{"line":68,"column":136}}],"line":68},"18":{"loc":{"start":{"line":69,"column":25},"end":{"line":69,"column":121}},"type":"cond-expr","locations":[{"start":{"line":69,"column":47},"end":{"line":69,"column":66}},{"start":{"line":69,"column":69},"end":{"line":69,"column":121}}],"line":69},"19":{"loc":{"start":{"line":69,"column":69},"end":{"line":69,"column":121}},"type":"cond-expr","locations":[{"start":{"line":69,"column":94},"end":{"line":69,"column":116}},{"start":{"line":69,"column":119},"end":{"line":69,"column":121}}],"line":69},"20":{"loc":{"start":{"line":70,"column":23},"end":{"line":70,"column":111}},"type":"cond-expr","locations":[{"start":{"line":70,"column":43},"end":{"line":70,"column":60}},{"start":{"line":70,"column":63},"end":{"line":70,"column":111}}],"line":70},"21":{"loc":{"start":{"line":70,"column":63},"end":{"line":70,"column":111}},"type":"cond-expr","locations":[{"start":{"line":70,"column":86},"end":{"line":70,"column":106}},{"start":{"line":70,"column":109},"end":{"line":70,"column":111}}],"line":70},"22":{"loc":{"start":{"line":71,"column":29},"end":{"line":71,"column":141}},"type":"cond-expr","locations":[{"start":{"line":71,"column":55},"end":{"line":71,"column":78}},{"start":{"line":71,"column":81},"end":{"line":71,"column":141}}],"line":71},"23":{"loc":{"start":{"line":71,"column":81},"end":{"line":71,"column":141}},"type":"cond-expr","locations":[{"start":{"line":71,"column":110},"end":{"line":71,"column":136}},{"start":{"line":71,"column":139},"end":{"line":71,"column":141}}],"line":71},"24":{"loc":{"start":{"line":77,"column":4},"end":{"line":93,"column":5}},"type":"if","locations":[{"start":{"line":77,"column":4},"end":{"line":93,"column":5}},{"start":{"line":84,"column":11},"end":{"line":93,"column":5}}],"line":77},"25":{"loc":{"start":{"line":96,"column":4},"end":{"line":167,"column":5}},"type":"if","locations":[{"start":{"line":96,"column":4},"end":{"line":167,"column":5}},{"start":{},"end":{}}],"line":96},"26":{"loc":{"start":{"line":96,"column":8},"end":{"line":96,"column":41}},"type":"binary-expr","locations":[{"start":{"line":96,"column":8},"end":{"line":96,"column":19}},{"start":{"line":96,"column":23},"end":{"line":96,"column":41}}],"line":96},"27":{"loc":{"start":{"line":100,"column":34},"end":{"line":100,"column":62}},"type":"binary-expr","locations":[{"start":{"line":100,"column":34},"end":{"line":100,"column":57}},{"start":{"line":100,"column":61},"end":{"line":100,"column":62}}],"line":100},"28":{"loc":{"start":{"line":100,"column":67},"end":{"line":100,"column":95}},"type":"binary-expr","locations":[{"start":{"line":100,"column":67},"end":{"line":100,"column":90}},{"start":{"line":100,"column":94},"end":{"line":100,"column":95}}],"line":100},"29":{"loc":{"start":{"line":104,"column":30},"end":{"line":104,"column":91}},"type":"cond-expr","locations":[{"start":{"line":104,"column":50},"end":{"line":104,"column":79}},{"start":{"line":104,"column":82},"end":{"line":104,"column":91}}],"line":104},"30":{"loc":{"start":{"line":109,"column":30},"end":{"line":109,"column":63}},"type":"binary-expr","locations":[{"start":{"line":109,"column":30},"end":{"line":109,"column":57}},{"start":{"line":109,"column":61},"end":{"line":109,"column":63}}],"line":109},"31":{"loc":{"start":{"line":110,"column":29},"end":{"line":110,"column":61}},"type":"binary-expr","locations":[{"start":{"line":110,"column":29},"end":{"line":110,"column":55}},{"start":{"line":110,"column":59},"end":{"line":110,"column":61}}],"line":110},"32":{"loc":{"start":{"line":111,"column":33},"end":{"line":111,"column":69}},"type":"binary-expr","locations":[{"start":{"line":111,"column":33},"end":{"line":111,"column":63}},{"start":{"line":111,"column":67},"end":{"line":111,"column":69}}],"line":111},"33":{"loc":{"start":{"line":112,"column":41},"end":{"line":112,"column":85}},"type":"binary-expr","locations":[{"start":{"line":112,"column":41},"end":{"line":112,"column":79}},{"start":{"line":112,"column":83},"end":{"line":112,"column":85}}],"line":112},"34":{"loc":{"start":{"line":113,"column":32},"end":{"line":113,"column":67}},"type":"binary-expr","locations":[{"start":{"line":113,"column":32},"end":{"line":113,"column":61}},{"start":{"line":113,"column":65},"end":{"line":113,"column":67}}],"line":113},"35":{"loc":{"start":{"line":114,"column":45},"end":{"line":114,"column":93}},"type":"binary-expr","locations":[{"start":{"line":114,"column":45},"end":{"line":114,"column":87}},{"start":{"line":114,"column":91},"end":{"line":114,"column":93}}],"line":114},"36":{"loc":{"start":{"line":147,"column":10},"end":{"line":156,"column":11}},"type":"if","locations":[{"start":{"line":147,"column":10},"end":{"line":156,"column":11}},{"start":{"line":154,"column":17},"end":{"line":156,"column":11}}],"line":147},"37":{"loc":{"start":{"line":161,"column":8},"end":{"line":163,"column":9}},"type":"if","locations":[{"start":{"line":161,"column":8},"end":{"line":163,"column":9}},{"start":{},"end":{}}],"line":161},"38":{"loc":{"start":{"line":161,"column":12},"end":{"line":161,"column":51}},"type":"binary-expr","locations":[{"start":{"line":161,"column":12},"end":{"line":161,"column":26}},{"start":{"line":161,"column":30},"end":{"line":161,"column":51}}],"line":161},"39":{"loc":{"start":{"line":195,"column":6},"end":{"line":204,"column":7}},"type":"if","locations":[{"start":{"line":195,"column":6},"end":{"line":204,"column":7}},{"start":{"line":202,"column":13},"end":{"line":204,"column":7}}],"line":195},"40":{"loc":{"start":{"line":209,"column":4},"end":{"line":211,"column":5}},"type":"if","locations":[{"start":{"line":209,"column":4},"end":{"line":211,"column":5}},{"start":{},"end":{}}],"line":209},"41":{"loc":{"start":{"line":209,"column":8},"end":{"line":209,"column":47}},"type":"binary-expr","locations":[{"start":{"line":209,"column":8},"end":{"line":209,"column":22}},{"start":{"line":209,"column":26},"end":{"line":209,"column":47}}],"line":209},"42":{"loc":{"start":{"line":220,"column":4},"end":{"line":234,"column":5}},"type":"if","locations":[{"start":{"line":220,"column":4},"end":{"line":234,"column":5}},{"start":{"line":232,"column":11},"end":{"line":234,"column":5}}],"line":220}},"s":{"0":1,"1":1,"2":1,"3":1,"4":1,"5":1,"6":1,"7":1,"8":1,"9":1,"10":1,"11":1,"12":60,"13":58,"14":58,"15":58,"16":56,"17":56,"18":55,"19":1,"20":54,"21":54,"22":54,"23":54,"24":54,"25":54,"26":54,"27":54,"28":54,"29":54,"30":54,"31":54,"32":54,"33":54,"34":54,"35":0,"36":54,"37":10,"38":110,"39":10,"40":100,"41":10,"42":10,"43":110,"44":110,"45":110,"46":110,"47":110,"48":110,"49":110,"50":110,"51":110,"52":110,"53":110,"54":109,"55":109,"56":1,"57":1,"58":1,"59":1,"60":0,"61":0,"62":0,"63":0,"64":0,"65":109,"66":109,"67":2,"68":107,"69":51,"70":51,"71":51,"72":50,"73":50,"74":49,"75":49,"76":27,"77":27,"78":22,"79":22,"80":1,"81":1,"82":0,"83":0,"84":0,"85":0,"86":21,"87":27,"88":26,"89":2,"90":24,"91":24,"92":23,"93":23,"94":23,"95":22,"96":22,"97":21,"98":20,"99":20,"100":20,"101":20,"102":20,"103":2,"104":1,"105":23,"106":23,"107":23,"108":35,"109":35,"110":35,"111":35},"f":{"0":60,"1":110,"2":100},"b":{"0":[60,1],"1":[56,2],"2":[11,45],"3":[1,54],"4":[1,53],"5":[54,2],"6":[1,52],"7":[53,11],"8":[1,53],"9":[54,2],"10":[1,52],"11":[53,11],"12":[1,53],"13":[1,52],"14":[1,53],"15":[1,52],"16":[1,53],"17":[1,52],"18":[1,53],"19":[1,52],"20":[1,53],"21":[1,52],"22":[1,53],"23":[1,52],"24":[54,0],"25":[10,44],"26":[54,10],"27":[100,1],"28":[100,1],"29":[110,0],"30":[110,109],"31":[110,109],"32":[110,109],"33":[110,109],"34":[110,109],"35":[110,109],"36":[1,0],"37":[2,107],"38":[109,108],"39":[1,21],"40":[2,24],"41":[26,25],"42":[22,1]},"inputSourceMap":null,"_coverageSchema":"1a1c01bbd47fc00a2c39e90264f33305004495a9","hash":"66a7f5727f13dee851e8b8104cb311759fab6011"}
,"/Users/pavanrathod/pdf-generation-serverless/src/helpers/reportGenerationHelpers.js": {"path":"/Users/pavanrathod/pdf-generation-serverless/src/helpers/reportGenerationHelpers.js","statementMap":{"0":{"start":{"line":1,"column":24},"end":{"line":1,"column":42}},"1":{"start":{"line":2,"column":19},"end":{"line":2,"column":48}},"2":{"start":{"line":6,"column":19},"end":{"line":6,"column":21}},"3":{"start":{"line":7,"column":17},"end":{"line":7,"column":19}},"4":{"start":{"line":8,"column":19},"end":{"line":8,"column":20}},"5":{"start":{"line":9,"column":21},"end":{"line":9,"column":22}},"6":{"start":{"line":10,"column":18},"end":{"line":10,"column":19}},"7":{"start":{"line":11,"column":19},"end":{"line":11,"column":20}},"8":{"start":{"line":12,"column":1},"end":{"line":71,"column":2}},"9":{"start":{"line":14,"column":22},"end":{"line":24,"column":21}},"10":{"start":{"line":15,"column":3},"end":{"line":18,"column":4}},"11":{"start":{"line":16,"column":4},"end":{"line":16,"column":17}},"12":{"start":{"line":17,"column":4},"end":{"line":17,"column":16}},"13":{"start":{"line":19,"column":3},"end":{"line":22,"column":4}},"14":{"start":{"line":20,"column":4},"end":{"line":20,"column":18}},"15":{"start":{"line":21,"column":4},"end":{"line":21,"column":16}},"16":{"start":{"line":23,"column":3},"end":{"line":23,"column":16}},"17":{"start":{"line":26,"column":2},"end":{"line":70,"column":5}},"18":{"start":{"line":27,"column":3},"end":{"line":47,"column":4}},"19":{"start":{"line":28,"column":4},"end":{"line":46,"column":6}},"20":{"start":{"line":49,"column":3},"end":{"line":69,"column":4}},"21":{"start":{"line":50,"column":4},"end":{"line":68,"column":6}},"22":{"start":{"line":73,"column":1},"end":{"line":117,"column":2}},"23":{"start":{"line":74,"column":2},"end":{"line":94,"column":3}},"24":{"start":{"line":74,"column":15},"end":{"line":74,"column":26}},"25":{"start":{"line":75,"column":3},"end":{"line":93,"column":5}},"26":{"start":{"line":96,"column":2},"end":{"line":116,"column":3}},"27":{"start":{"line":96,"column":15},"end":{"line":96,"column":28}},"28":{"start":{"line":97,"column":3},"end":{"line":115,"column":5}},"29":{"start":{"line":119,"column":1},"end":{"line":119,"column":34}},"30":{"start":{"line":125,"column":23},"end":{"line":125,"column":25}},"31":{"start":{"line":127,"column":19},"end":{"line":127,"column":87}},"32":{"start":{"line":128,"column":17},"end":{"line":128,"column":76}},"33":{"start":{"line":129,"column":22},"end":{"line":129,"column":81}},"34":{"start":{"line":130,"column":20},"end":{"line":130,"column":79}},"35":{"start":{"line":133,"column":1},"end":{"line":154,"column":2}},"36":{"start":{"line":134,"column":2},"end":{"line":146,"column":5}},"37":{"start":{"line":135,"column":3},"end":{"line":145,"column":4}},"38":{"start":{"line":136,"column":21},"end":{"line":136,"column":37}},"39":{"start":{"line":137,"column":21},"end":{"line":137,"column":32}},"40":{"start":{"line":138,"column":22},"end":{"line":138,"column":33}},"41":{"start":{"line":140,"column":4},"end":{"line":142,"column":5}},"42":{"start":{"line":141,"column":5},"end":{"line":141,"column":34}},"43":{"start":{"line":144,"column":4},"end":{"line":144,"column":47}},"44":{"start":{"line":148,"column":2},"end":{"line":153,"column":3}},"45":{"start":{"line":149,"column":3},"end":{"line":149,"column":37}},"46":{"start":{"line":150,"column":3},"end":{"line":150,"column":73}},"47":{"start":{"line":151,"column":3},"end":{"line":151,"column":89}},"48":{"start":{"line":152,"column":3},"end":{"line":152,"column":99}},"49":{"start":{"line":156,"column":1},"end":{"line":156,"column":25}},"50":{"start":{"line":157,"column":1},"end":{"line":157,"column":23}},"51":{"start":{"line":158,"column":1},"end":{"line":158,"column":28}},"52":{"start":{"line":159,"column":1},"end":{"line":159,"column":26}},"53":{"start":{"line":161,"column":1},"end":{"line":174,"column":3}},"54":{"start":{"line":181,"column":2},"end":{"line":189,"column":9}},"55":{"start":{"line":191,"column":2},"end":{"line":196,"column":11}},"56":{"start":{"line":198,"column":2},"end":{"line":358,"column":18}},"57":{"start":{"line":200,"column":22},"end":{"line":200,"column":49}},"58":{"start":{"line":201,"column":6},"end":{"line":201,"column":52}},"59":{"start":{"line":201,"column":19},"end":{"line":201,"column":52}},"60":{"start":{"line":204,"column":3},"end":{"line":204,"column":42}},"61":{"start":{"line":207,"column":22},"end":{"line":207,"column":49}},"62":{"start":{"line":208,"column":6},"end":{"line":208,"column":50}},"63":{"start":{"line":208,"column":19},"end":{"line":208,"column":50}},"64":{"start":{"line":211,"column":3},"end":{"line":218,"column":9}},"65":{"start":{"line":221,"column":3},"end":{"line":228,"column":9}},"66":{"start":{"line":231,"column":4},"end":{"line":231,"column":61}},"67":{"start":{"line":232,"column":4},"end":{"line":232,"column":52}},"68":{"start":{"line":233,"column":4},"end":{"line":233,"column":65}},"69":{"start":{"line":234,"column":4},"end":{"line":234,"column":58}},"70":{"start":{"line":237,"column":28},"end":{"line":239,"column":17}},"71":{"start":{"line":238,"column":22},"end":{"line":238,"column":41}},"72":{"start":{"line":240,"column":4},"end":{"line":240,"column":48}},"73":{"start":{"line":241,"column":4},"end":{"line":241,"column":56}},"74":{"start":{"line":242,"column":4},"end":{"line":242,"column":59}},"75":{"start":{"line":245,"column":4},"end":{"line":245,"column":61}},"76":{"start":{"line":246,"column":4},"end":{"line":246,"column":63}},"77":{"start":{"line":247,"column":4},"end":{"line":247,"column":64}},"78":{"start":{"line":248,"column":4},"end":{"line":248,"column":67}},"79":{"start":{"line":251,"column":4},"end":{"line":251,"column":60}},"80":{"start":{"line":252,"column":4},"end":{"line":252,"column":83}},"81":{"start":{"line":255,"column":4},"end":{"line":255,"column":51}},"82":{"start":{"line":256,"column":4},"end":{"line":256,"column":67}},"83":{"start":{"line":257,"column":4},"end":{"line":257,"column":65}},"84":{"start":{"line":258,"column":4},"end":{"line":258,"column":66}},"85":{"start":{"line":259,"column":4},"end":{"line":259,"column":70}},"86":{"start":{"line":262,"column":4},"end":{"line":262,"column":68}},"87":{"start":{"line":263,"column":4},"end":{"line":263,"column":53}},"88":{"start":{"line":264,"column":4},"end":{"line":264,"column":71}},"89":{"start":{"line":265,"column":4},"end":{"line":265,"column":77}},"90":{"start":{"line":268,"column":4},"end":{"line":268,"column":75}},"91":{"start":{"line":269,"column":4},"end":{"line":269,"column":70}},"92":{"start":{"line":270,"column":4},"end":{"line":270,"column":72}},"93":{"start":{"line":271,"column":4},"end":{"line":271,"column":58}},"94":{"start":{"line":272,"column":4},"end":{"line":272,"column":57}},"95":{"start":{"line":273,"column":4},"end":{"line":273,"column":56}},"96":{"start":{"line":274,"column":4},"end":{"line":274,"column":72}},"97":{"start":{"line":275,"column":4},"end":{"line":275,"column":55}},"98":{"start":{"line":276,"column":4},"end":{"line":276,"column":60}},"99":{"start":{"line":279,"column":4},"end":{"line":279,"column":75}},"100":{"start":{"line":281,"column":26},"end":{"line":291,"column":3}},"101":{"start":{"line":293,"column":25},"end":{"line":317,"column":3}},"102":{"start":{"line":319,"column":2},"end":{"line":319,"column":46}},"103":{"start":{"line":320,"column":2},"end":{"line":320,"column":48}},"104":{"start":{"line":323,"column":20},"end":{"line":323,"column":22}},"105":{"start":{"line":324,"column":20},"end":{"line":324,"column":22}},"106":{"start":{"line":325,"column":20},"end":{"line":325,"column":22}},"107":{"start":{"line":327,"column":4},"end":{"line":346,"column":5}},"108":{"start":{"line":328,"column":6},"end":{"line":345,"column":9}},"109":{"start":{"line":329,"column":8},"end":{"line":344,"column":9}},"110":{"start":{"line":330,"column":10},"end":{"line":333,"column":11}},"111":{"start":{"line":331,"column":12},"end":{"line":331,"column":76}},"112":{"start":{"line":332,"column":12},"end":{"line":332,"column":101}},"113":{"start":{"line":334,"column":15},"end":{"line":344,"column":9}},"114":{"start":{"line":335,"column":10},"end":{"line":338,"column":11}},"115":{"start":{"line":336,"column":12},"end":{"line":336,"column":76}},"116":{"start":{"line":337,"column":12},"end":{"line":337,"column":101}},"117":{"start":{"line":339,"column":15},"end":{"line":344,"column":9}},"118":{"start":{"line":340,"column":10},"end":{"line":343,"column":11}},"119":{"start":{"line":341,"column":12},"end":{"line":341,"column":76}},"120":{"start":{"line":342,"column":12},"end":{"line":342,"column":101}},"121":{"start":{"line":349,"column":4},"end":{"line":349,"column":93}},"122":{"start":{"line":350,"column":4},"end":{"line":350,"column":90}},"123":{"start":{"line":351,"column":4},"end":{"line":351,"column":96}},"124":{"start":{"line":354,"column":4},"end":{"line":354,"column":51}},"125":{"start":{"line":355,"column":4},"end":{"line":355,"column":53}},"126":{"start":{"line":356,"column":4},"end":{"line":356,"column":49}},"127":{"start":{"line":360,"column":2},"end":{"line":367,"column":5}},"128":{"start":{"line":372,"column":26},"end":{"line":621,"column":1}},"129":{"start":{"line":374,"column":2},"end":{"line":382,"column":9}},"130":{"start":{"line":384,"column":2},"end":{"line":389,"column":11}},"131":{"start":{"line":391,"column":1},"end":{"line":607,"column":17}},"132":{"start":{"line":393,"column":3},"end":{"line":393,"column":50}},"133":{"start":{"line":397,"column":3},"end":{"line":397,"column":42}},"134":{"start":{"line":401,"column":3},"end":{"line":401,"column":48}},"135":{"start":{"line":405,"column":3},"end":{"line":412,"column":9}},"136":{"start":{"line":415,"column":3},"end":{"line":422,"column":9}},"137":{"start":{"line":425,"column":3},"end":{"line":432,"column":9}},"138":{"start":{"line":433,"column":31},"end":{"line":437,"column":8}},"139":{"start":{"line":438,"column":32},"end":{"line":442,"column":8}},"140":{"start":{"line":443,"column":23},"end":{"line":447,"column":8}},"141":{"start":{"line":448,"column":33},"end":{"line":452,"column":8}},"142":{"start":{"line":454,"column":2},"end":{"line":454,"column":65}},"143":{"start":{"line":455,"column":2},"end":{"line":458,"column":4}},"144":{"start":{"line":459,"column":2},"end":{"line":459,"column":64}},"145":{"start":{"line":460,"column":2},"end":{"line":460,"column":87}},"146":{"start":{"line":463,"column":2},"end":{"line":463,"column":60}},"147":{"start":{"line":464,"column":2},"end":{"line":464,"column":63}},"148":{"start":{"line":465,"column":2},"end":{"line":465,"column":69}},"149":{"start":{"line":467,"column":2},"end":{"line":467,"column":65}},"150":{"start":{"line":468,"column":2},"end":{"line":468,"column":67}},"151":{"start":{"line":469,"column":2},"end":{"line":469,"column":68}},"152":{"start":{"line":470,"column":2},"end":{"line":470,"column":62}},"153":{"start":{"line":471,"column":2},"end":{"line":471,"column":62}},"154":{"start":{"line":472,"column":2},"end":{"line":472,"column":75}},"155":{"start":{"line":473,"column":2},"end":{"line":473,"column":81}},"156":{"start":{"line":474,"column":2},"end":{"line":474,"column":57}},"157":{"start":{"line":475,"column":2},"end":{"line":475,"column":72}},"158":{"start":{"line":476,"column":2},"end":{"line":476,"column":79}},"159":{"start":{"line":477,"column":2},"end":{"line":477,"column":74}},"160":{"start":{"line":478,"column":2},"end":{"line":478,"column":76}},"161":{"start":{"line":479,"column":2},"end":{"line":479,"column":62}},"162":{"start":{"line":480,"column":2},"end":{"line":480,"column":61}},"163":{"start":{"line":481,"column":2},"end":{"line":481,"column":60}},"164":{"start":{"line":482,"column":2},"end":{"line":482,"column":76}},"165":{"start":{"line":483,"column":2},"end":{"line":483,"column":59}},"166":{"start":{"line":484,"column":2},"end":{"line":484,"column":64}},"167":{"start":{"line":485,"column":2},"end":{"line":485,"column":53}},"168":{"start":{"line":487,"column":2},"end":{"line":487,"column":59}},"169":{"start":{"line":488,"column":2},"end":{"line":488,"column":51}},"170":{"start":{"line":489,"column":2},"end":{"line":489,"column":39}},"171":{"start":{"line":490,"column":2},"end":{"line":490,"column":54}},"172":{"start":{"line":491,"column":2},"end":{"line":491,"column":60}},"173":{"start":{"line":492,"column":2},"end":{"line":492,"column":71}},"174":{"start":{"line":493,"column":2},"end":{"line":493,"column":77}},"175":{"start":{"line":494,"column":2},"end":{"line":494,"column":116}},"176":{"start":{"line":495,"column":2},"end":{"line":495,"column":138}},"177":{"start":{"line":496,"column":2},"end":{"line":496,"column":115}},"178":{"start":{"line":497,"column":2},"end":{"line":497,"column":107}},"179":{"start":{"line":499,"column":2},"end":{"line":499,"column":70}},"180":{"start":{"line":501,"column":20},"end":{"line":503,"column":3}},"181":{"start":{"line":504,"column":2},"end":{"line":504,"column":37}},"182":{"start":{"line":506,"column":24},"end":{"line":516,"column":3}},"183":{"start":{"line":518,"column":25},"end":{"line":542,"column":3}},"184":{"start":{"line":544,"column":2},"end":{"line":544,"column":46}},"185":{"start":{"line":545,"column":2},"end":{"line":545,"column":48}},"186":{"start":{"line":547,"column":18},"end":{"line":547,"column":20}},"187":{"start":{"line":548,"column":18},"end":{"line":548,"column":20}},"188":{"start":{"line":549,"column":18},"end":{"line":549,"column":20}},"189":{"start":{"line":551,"column":2},"end":{"line":573,"column":3}},"190":{"start":{"line":551,"column":15},"end":{"line":551,"column":16}},"191":{"start":{"line":552,"column":24},"end":{"line":552,"column":54}},"192":{"start":{"line":553,"column":3},"end":{"line":568,"column":4}},"193":{"start":{"line":554,"column":4},"end":{"line":557,"column":5}},"194":{"start":{"line":555,"column":5},"end":{"line":555,"column":69}},"195":{"start":{"line":556,"column":5},"end":{"line":556,"column":100}},"196":{"start":{"line":558,"column":10},"end":{"line":568,"column":4}},"197":{"start":{"line":559,"column":4},"end":{"line":562,"column":5}},"198":{"start":{"line":560,"column":5},"end":{"line":560,"column":69}},"199":{"start":{"line":561,"column":5},"end":{"line":561,"column":100}},"200":{"start":{"line":563,"column":10},"end":{"line":568,"column":4}},"201":{"start":{"line":564,"column":4},"end":{"line":567,"column":5}},"202":{"start":{"line":565,"column":5},"end":{"line":565,"column":69}},"203":{"start":{"line":566,"column":5},"end":{"line":566,"column":100}},"204":{"start":{"line":570,"column":3},"end":{"line":570,"column":92}},"205":{"start":{"line":571,"column":3},"end":{"line":571,"column":89}},"206":{"start":{"line":572,"column":3},"end":{"line":572,"column":95}},"207":{"start":{"line":575,"column":2},"end":{"line":575,"column":42}},"208":{"start":{"line":577,"column":2},"end":{"line":577,"column":55}},"209":{"start":{"line":578,"column":2},"end":{"line":578,"column":57}},"210":{"start":{"line":580,"column":23},"end":{"line":580,"column":43}},"211":{"start":{"line":582,"column":2},"end":{"line":593,"column":5}},"212":{"start":{"line":583,"column":3},"end":{"line":592,"column":4}},"213":{"start":{"line":584,"column":17},"end":{"line":584,"column":52}},"214":{"start":{"line":585,"column":4},"end":{"line":591,"column":5}},"215":{"start":{"line":586,"column":23},"end":{"line":586,"column":29}},"216":{"start":{"line":587,"column":21},"end":{"line":587,"column":55}},"217":{"start":{"line":588,"column":5},"end":{"line":590,"column":6}},"218":{"start":{"line":589,"column":6},"end":{"line":589,"column":94}},"219":{"start":{"line":595,"column":2},"end":{"line":595,"column":78}},"220":{"start":{"line":596,"column":2},"end":{"line":596,"column":90}},"221":{"start":{"line":597,"column":2},"end":{"line":597,"column":90}},"222":{"start":{"line":599,"column":2},"end":{"line":599,"column":82}},"223":{"start":{"line":600,"column":2},"end":{"line":600,"column":79}},"224":{"start":{"line":601,"column":2},"end":{"line":601,"column":79}},"225":{"start":{"line":602,"column":2},"end":{"line":602,"column":91}},"226":{"start":{"line":603,"column":2},"end":{"line":603,"column":86}},"227":{"start":{"line":604,"column":2},"end":{"line":604,"column":91}},"228":{"start":{"line":605,"column":2},"end":{"line":605,"column":120}},"229":{"start":{"line":606,"column":2},"end":{"line":606,"column":108}},"230":{"start":{"line":608,"column":1},"end":{"line":620,"column":4}},"231":{"start":{"line":624,"column":27},"end":{"line":849,"column":1}},"232":{"start":{"line":626,"column":2},"end":{"line":634,"column":9}},"233":{"start":{"line":636,"column":2},"end":{"line":641,"column":11}},"234":{"start":{"line":643,"column":1},"end":{"line":643,"column":33}},"235":{"start":{"line":644,"column":1},"end":{"line":644,"column":32}},"236":{"start":{"line":645,"column":1},"end":{"line":645,"column":129}},"237":{"start":{"line":647,"column":1},"end":{"line":649,"column":2}},"238":{"start":{"line":648,"column":2},"end":{"line":648,"column":96}},"239":{"start":{"line":651,"column":1},"end":{"line":653,"column":2}},"240":{"start":{"line":652,"column":2},"end":{"line":652,"column":87}},"241":{"start":{"line":655,"column":1},"end":{"line":837,"column":17}},"242":{"start":{"line":657,"column":3},"end":{"line":657,"column":50}},"243":{"start":{"line":661,"column":3},"end":{"line":661,"column":42}},"244":{"start":{"line":665,"column":3},"end":{"line":665,"column":48}},"245":{"start":{"line":669,"column":3},"end":{"line":678,"column":10}},"246":{"start":{"line":681,"column":3},"end":{"line":690,"column":10}},"247":{"start":{"line":693,"column":3},"end":{"line":700,"column":9}},"248":{"start":{"line":701,"column":31},"end":{"line":705,"column":8}},"249":{"start":{"line":706,"column":32},"end":{"line":710,"column":8}},"250":{"start":{"line":711,"column":23},"end":{"line":715,"column":8}},"251":{"start":{"line":716,"column":33},"end":{"line":720,"column":8}},"252":{"start":{"line":722,"column":2},"end":{"line":722,"column":65}},"253":{"start":{"line":723,"column":2},"end":{"line":723,"column":66}},"254":{"start":{"line":724,"column":2},"end":{"line":727,"column":4}},"255":{"start":{"line":729,"column":2},"end":{"line":729,"column":59}},"256":{"start":{"line":730,"column":2},"end":{"line":730,"column":51}},"257":{"start":{"line":731,"column":2},"end":{"line":731,"column":39}},"258":{"start":{"line":732,"column":2},"end":{"line":732,"column":54}},"259":{"start":{"line":734,"column":2},"end":{"line":734,"column":72}},"260":{"start":{"line":735,"column":2},"end":{"line":735,"column":65}},"261":{"start":{"line":736,"column":2},"end":{"line":736,"column":67}},"262":{"start":{"line":737,"column":2},"end":{"line":737,"column":68}},"263":{"start":{"line":738,"column":2},"end":{"line":738,"column":107}},"264":{"start":{"line":740,"column":2},"end":{"line":740,"column":60}},"265":{"start":{"line":741,"column":2},"end":{"line":741,"column":62}},"266":{"start":{"line":742,"column":2},"end":{"line":742,"column":71}},"267":{"start":{"line":743,"column":2},"end":{"line":743,"column":77}},"268":{"start":{"line":744,"column":2},"end":{"line":744,"column":64}},"269":{"start":{"line":745,"column":2},"end":{"line":745,"column":87}},"270":{"start":{"line":746,"column":2},"end":{"line":746,"column":62}},"271":{"start":{"line":747,"column":2},"end":{"line":747,"column":69}},"272":{"start":{"line":748,"column":2},"end":{"line":748,"column":56}},"273":{"start":{"line":750,"column":2},"end":{"line":750,"column":53}},"274":{"start":{"line":751,"column":2},"end":{"line":751,"column":60}},"275":{"start":{"line":752,"column":2},"end":{"line":752,"column":63}},"276":{"start":{"line":753,"column":2},"end":{"line":753,"column":60}},"277":{"start":{"line":754,"column":2},"end":{"line":754,"column":62}},"278":{"start":{"line":756,"column":2},"end":{"line":756,"column":75}},"279":{"start":{"line":757,"column":2},"end":{"line":757,"column":81}},"280":{"start":{"line":759,"column":2},"end":{"line":759,"column":90}},"281":{"start":{"line":760,"column":2},"end":{"line":760,"column":100}},"282":{"start":{"line":761,"column":2},"end":{"line":761,"column":80}},"283":{"start":{"line":762,"column":2},"end":{"line":762,"column":86}},"284":{"start":{"line":763,"column":2},"end":{"line":763,"column":78}},"285":{"start":{"line":764,"column":2},"end":{"line":764,"column":90}},"286":{"start":{"line":765,"column":2},"end":{"line":765,"column":92}},"287":{"start":{"line":767,"column":2},"end":{"line":767,"column":79}},"288":{"start":{"line":768,"column":2},"end":{"line":768,"column":74}},"289":{"start":{"line":769,"column":2},"end":{"line":769,"column":76}},"290":{"start":{"line":770,"column":2},"end":{"line":770,"column":62}},"291":{"start":{"line":771,"column":2},"end":{"line":771,"column":61}},"292":{"start":{"line":772,"column":2},"end":{"line":772,"column":60}},"293":{"start":{"line":773,"column":2},"end":{"line":773,"column":76}},"294":{"start":{"line":774,"column":2},"end":{"line":774,"column":59}},"295":{"start":{"line":775,"column":2},"end":{"line":775,"column":64}},"296":{"start":{"line":778,"column":2},"end":{"line":782,"column":3}},"297":{"start":{"line":779,"column":3},"end":{"line":781,"column":5}},"298":{"start":{"line":780,"column":4},"end":{"line":780,"column":35}},"299":{"start":{"line":785,"column":2},"end":{"line":789,"column":3}},"300":{"start":{"line":786,"column":3},"end":{"line":788,"column":5}},"301":{"start":{"line":787,"column":4},"end":{"line":787,"column":35}},"302":{"start":{"line":791,"column":20},"end":{"line":791,"column":245}},"303":{"start":{"line":792,"column":2},"end":{"line":792,"column":37}},"304":{"start":{"line":794,"column":24},"end":{"line":810,"column":3}},"305":{"start":{"line":812,"column":25},"end":{"line":829,"column":3}},"306":{"start":{"line":831,"column":2},"end":{"line":831,"column":46}},"307":{"start":{"line":832,"column":2},"end":{"line":832,"column":48}},"308":{"start":{"line":834,"column":2},"end":{"line":834,"column":54}},"309":{"start":{"line":835,"column":2},"end":{"line":835,"column":58}},"310":{"start":{"line":839,"column":1},"end":{"line":848,"column":4}},"311":{"start":{"line":853,"column":24},"end":{"line":853,"column":26}},"312":{"start":{"line":854,"column":1},"end":{"line":859,"column":4}},"313":{"start":{"line":855,"column":2},"end":{"line":855,"column":67}},"314":{"start":{"line":856,"column":2},"end":{"line":856,"column":73}},"315":{"start":{"line":857,"column":2},"end":{"line":857,"column":71}},"316":{"start":{"line":858,"column":2},"end":{"line":858,"column":67}},"317":{"start":{"line":860,"column":1},"end":{"line":860,"column":23}},"318":{"start":{"line":864,"column":23},"end":{"line":864,"column":25}},"319":{"start":{"line":865,"column":1},"end":{"line":871,"column":4}},"320":{"start":{"line":866,"column":2},"end":{"line":870,"column":3}},"321":{"start":{"line":867,"column":3},"end":{"line":869,"column":6}},"322":{"start":{"line":868,"column":4},"end":{"line":868,"column":58}},"323":{"start":{"line":872,"column":1},"end":{"line":872,"column":22}},"324":{"start":{"line":877,"column":22},"end":{"line":877,"column":48}},"325":{"start":{"line":878,"column":22},"end":{"line":878,"column":23}},"326":{"start":{"line":881,"column":4},"end":{"line":892,"column":5}},"327":{"start":{"line":881,"column":17},"end":{"line":881,"column":18}},"328":{"start":{"line":882,"column":8},"end":{"line":891,"column":9}},"329":{"start":{"line":883,"column":27},"end":{"line":883,"column":72}},"330":{"start":{"line":884,"column":26},"end":{"line":884,"column":84}},"331":{"start":{"line":885,"column":12},"end":{"line":888,"column":13}},"332":{"start":{"line":885,"column":25},"end":{"line":885,"column":26}},"333":{"start":{"line":886,"column":16},"end":{"line":886,"column":44}},"334":{"start":{"line":887,"column":16},"end":{"line":887,"column":30}},"335":{"start":{"line":890,"column":12},"end":{"line":890,"column":62}},"336":{"start":{"line":895,"column":28},"end":{"line":895,"column":50}},"337":{"start":{"line":898,"column":4},"end":{"line":898,"column":40}},"338":{"start":{"line":903,"column":23},"end":{"line":903,"column":25}},"339":{"start":{"line":905,"column":19},"end":{"line":905,"column":103}},"340":{"start":{"line":906,"column":17},"end":{"line":906,"column":92}},"341":{"start":{"line":907,"column":22},"end":{"line":907,"column":97}},"342":{"start":{"line":908,"column":20},"end":{"line":908,"column":95}},"343":{"start":{"line":911,"column":1},"end":{"line":935,"column":2}},"344":{"start":{"line":912,"column":2},"end":{"line":924,"column":5}},"345":{"start":{"line":913,"column":3},"end":{"line":923,"column":4}},"346":{"start":{"line":914,"column":21},"end":{"line":914,"column":37}},"347":{"start":{"line":915,"column":21},"end":{"line":915,"column":32}},"348":{"start":{"line":916,"column":22},"end":{"line":916,"column":33}},"349":{"start":{"line":918,"column":4},"end":{"line":920,"column":5}},"350":{"start":{"line":919,"column":5},"end":{"line":919,"column":34}},"351":{"start":{"line":922,"column":4},"end":{"line":922,"column":47}},"352":{"start":{"line":926,"column":17},"end":{"line":926,"column":50}},"353":{"start":{"line":927,"column":14},"end":{"line":927,"column":15}},"354":{"start":{"line":928,"column":2},"end":{"line":934,"column":3}},"355":{"start":{"line":929,"column":3},"end":{"line":929,"column":157}},"356":{"start":{"line":930,"column":3},"end":{"line":930,"column":193}},"357":{"start":{"line":931,"column":3},"end":{"line":931,"column":209}},"358":{"start":{"line":932,"column":3},"end":{"line":932,"column":219}},"359":{"start":{"line":933,"column":3},"end":{"line":933,"column":11}},"360":{"start":{"line":937,"column":1},"end":{"line":937,"column":25}},"361":{"start":{"line":938,"column":1},"end":{"line":938,"column":23}},"362":{"start":{"line":939,"column":1},"end":{"line":939,"column":28}},"363":{"start":{"line":940,"column":1},"end":{"line":940,"column":26}},"364":{"start":{"line":942,"column":1},"end":{"line":955,"column":3}},"365":{"start":{"line":961,"column":19},"end":{"line":961,"column":145}},"366":{"start":{"line":962,"column":23},"end":{"line":962,"column":25}},"367":{"start":{"line":963,"column":16},"end":{"line":963,"column":122}},"368":{"start":{"line":964,"column":25},"end":{"line":964,"column":133}},"369":{"start":{"line":965,"column":24},"end":{"line":965,"column":134}},"370":{"start":{"line":966,"column":25},"end":{"line":966,"column":133}},"371":{"start":{"line":967,"column":27},"end":{"line":967,"column":137}},"372":{"start":{"line":968,"column":33},"end":{"line":968,"column":141}},"373":{"start":{"line":970,"column":1},"end":{"line":996,"column":2}},"374":{"start":{"line":971,"column":20},"end":{"line":971,"column":21}},"375":{"start":{"line":972,"column":2},"end":{"line":983,"column":3}},"376":{"start":{"line":973,"column":3},"end":{"line":973,"column":344}},"377":{"start":{"line":974,"column":3},"end":{"line":974,"column":368}},"378":{"start":{"line":975,"column":3},"end":{"line":975,"column":379}},"379":{"start":{"line":976,"column":3},"end":{"line":976,"column":382}},"380":{"start":{"line":977,"column":3},"end":{"line":977,"column":388}},"381":{"start":{"line":978,"column":3},"end":{"line":978,"column":385}},"382":{"start":{"line":979,"column":3},"end":{"line":979,"column":18}},"383":{"start":{"line":980,"column":3},"end":{"line":982,"column":4}},"384":{"start":{"line":981,"column":4},"end":{"line":981,"column":10}},"385":{"start":{"line":985,"column":2},"end":{"line":995,"column":3}},"386":{"start":{"line":986,"column":3},"end":{"line":993,"column":4}},"387":{"start":{"line":987,"column":4},"end":{"line":987,"column":150}},"388":{"start":{"line":988,"column":4},"end":{"line":988,"column":159}},"389":{"start":{"line":989,"column":4},"end":{"line":989,"column":157}},"390":{"start":{"line":990,"column":4},"end":{"line":990,"column":159}},"391":{"start":{"line":991,"column":4},"end":{"line":991,"column":161}},"392":{"start":{"line":992,"column":4},"end":{"line":992,"column":136}},"393":{"start":{"line":998,"column":1},"end":{"line":998,"column":22}},"394":{"start":{"line":999,"column":1},"end":{"line":999,"column":31}},"395":{"start":{"line":1000,"column":1},"end":{"line":1000,"column":30}},"396":{"start":{"line":1001,"column":1},"end":{"line":1001,"column":31}},"397":{"start":{"line":1002,"column":1},"end":{"line":1002,"column":33}},"398":{"start":{"line":1003,"column":1},"end":{"line":1003,"column":39}},"399":{"start":{"line":1005,"column":1},"end":{"line":1021,"column":10}},"400":{"start":{"line":1025,"column":25},"end":{"line":1115,"column":1}},"401":{"start":{"line":1026,"column":1},"end":{"line":1102,"column":38}},"402":{"start":{"line":1028,"column":12},"end":{"line":1028,"column":59}},"403":{"start":{"line":1032,"column":12},"end":{"line":1032,"column":51}},"404":{"start":{"line":1036,"column":12},"end":{"line":1036,"column":57}},"405":{"start":{"line":1039,"column":2},"end":{"line":1039,"column":187}},"406":{"start":{"line":1040,"column":2},"end":{"line":1040,"column":69}},"407":{"start":{"line":1041,"column":2},"end":{"line":1041,"column":62}},"408":{"start":{"line":1042,"column":2},"end":{"line":1042,"column":71}},"409":{"start":{"line":1044,"column":2},"end":{"line":1044,"column":75}},"410":{"start":{"line":1045,"column":2},"end":{"line":1045,"column":65}},"411":{"start":{"line":1046,"column":2},"end":{"line":1049,"column":4}},"412":{"start":{"line":1050,"column":2},"end":{"line":1050,"column":60}},"413":{"start":{"line":1051,"column":2},"end":{"line":1051,"column":63}},"414":{"start":{"line":1052,"column":2},"end":{"line":1052,"column":59}},"415":{"start":{"line":1053,"column":2},"end":{"line":1053,"column":48}},"416":{"start":{"line":1054,"column":2},"end":{"line":1054,"column":108}},"417":{"start":{"line":1055,"column":2},"end":{"line":1055,"column":127}},"418":{"start":{"line":1056,"column":2},"end":{"line":1056,"column":124}},"419":{"start":{"line":1057,"column":2},"end":{"line":1057,"column":121}},"420":{"start":{"line":1058,"column":2},"end":{"line":1058,"column":81}},"421":{"start":{"line":1059,"column":2},"end":{"line":1059,"column":53}},"422":{"start":{"line":1060,"column":2},"end":{"line":1060,"column":68}},"423":{"start":{"line":1061,"column":2},"end":{"line":1061,"column":87}},"424":{"start":{"line":1063,"column":24},"end":{"line":1079,"column":3}},"425":{"start":{"line":1081,"column":25},"end":{"line":1098,"column":3}},"426":{"start":{"line":1100,"column":2},"end":{"line":1100,"column":46}},"427":{"start":{"line":1101,"column":2},"end":{"line":1101,"column":48}},"428":{"start":{"line":1104,"column":1},"end":{"line":1113,"column":7}},"429":{"start":{"line":1118,"column":30},"end":{"line":1233,"column":1}},"430":{"start":{"line":1119,"column":1},"end":{"line":1220,"column":50}},"431":{"start":{"line":1121,"column":12},"end":{"line":1121,"column":59}},"432":{"start":{"line":1125,"column":12},"end":{"line":1125,"column":51}},"433":{"start":{"line":1129,"column":12},"end":{"line":1129,"column":57}},"434":{"start":{"line":1131,"column":2},"end":{"line":1131,"column":110}},"435":{"start":{"line":1132,"column":2},"end":{"line":1132,"column":69}},"436":{"start":{"line":1133,"column":2},"end":{"line":1133,"column":62}},"437":{"start":{"line":1134,"column":2},"end":{"line":1134,"column":65}},"438":{"start":{"line":1136,"column":2},"end":{"line":1136,"column":75}},"439":{"start":{"line":1137,"column":2},"end":{"line":1137,"column":65}},"440":{"start":{"line":1138,"column":2},"end":{"line":1141,"column":4}},"441":{"start":{"line":1142,"column":2},"end":{"line":1142,"column":60}},"442":{"start":{"line":1143,"column":2},"end":{"line":1143,"column":63}},"443":{"start":{"line":1144,"column":2},"end":{"line":1144,"column":59}},"444":{"start":{"line":1145,"column":2},"end":{"line":1145,"column":124}},"445":{"start":{"line":1146,"column":2},"end":{"line":1146,"column":127}},"446":{"start":{"line":1147,"column":2},"end":{"line":1147,"column":140}},"447":{"start":{"line":1148,"column":2},"end":{"line":1148,"column":163}},"448":{"start":{"line":1149,"column":2},"end":{"line":1149,"column":121}},"449":{"start":{"line":1150,"column":2},"end":{"line":1150,"column":81}},"450":{"start":{"line":1151,"column":2},"end":{"line":1151,"column":65}},"451":{"start":{"line":1152,"column":2},"end":{"line":1152,"column":67}},"452":{"start":{"line":1153,"column":2},"end":{"line":1153,"column":68}},"453":{"start":{"line":1154,"column":2},"end":{"line":1154,"column":65}},"454":{"start":{"line":1155,"column":2},"end":{"line":1155,"column":60}},"455":{"start":{"line":1156,"column":2},"end":{"line":1156,"column":75}},"456":{"start":{"line":1157,"column":2},"end":{"line":1157,"column":81}},"457":{"start":{"line":1158,"column":2},"end":{"line":1158,"column":72}},"458":{"start":{"line":1159,"column":2},"end":{"line":1159,"column":143}},"459":{"start":{"line":1160,"column":2},"end":{"line":1160,"column":79}},"460":{"start":{"line":1161,"column":2},"end":{"line":1161,"column":74}},"461":{"start":{"line":1162,"column":2},"end":{"line":1162,"column":76}},"462":{"start":{"line":1163,"column":2},"end":{"line":1163,"column":62}},"463":{"start":{"line":1164,"column":2},"end":{"line":1164,"column":61}},"464":{"start":{"line":1165,"column":2},"end":{"line":1165,"column":60}},"465":{"start":{"line":1166,"column":2},"end":{"line":1166,"column":76}},"466":{"start":{"line":1167,"column":2},"end":{"line":1167,"column":59}},"467":{"start":{"line":1168,"column":2},"end":{"line":1168,"column":64}},"468":{"start":{"line":1169,"column":2},"end":{"line":1169,"column":55}},"469":{"start":{"line":1170,"column":2},"end":{"line":1170,"column":57}},"470":{"start":{"line":1171,"column":2},"end":{"line":1171,"column":100}},"471":{"start":{"line":1173,"column":18},"end":{"line":1173,"column":20}},"472":{"start":{"line":1174,"column":18},"end":{"line":1174,"column":20}},"473":{"start":{"line":1175,"column":18},"end":{"line":1175,"column":20}},"474":{"start":{"line":1177,"column":2},"end":{"line":1199,"column":3}},"475":{"start":{"line":1177,"column":15},"end":{"line":1177,"column":16}},"476":{"start":{"line":1178,"column":24},"end":{"line":1178,"column":54}},"477":{"start":{"line":1179,"column":3},"end":{"line":1194,"column":4}},"478":{"start":{"line":1180,"column":4},"end":{"line":1183,"column":5}},"479":{"start":{"line":1181,"column":5},"end":{"line":1181,"column":69}},"480":{"start":{"line":1182,"column":5},"end":{"line":1182,"column":100}},"481":{"start":{"line":1184,"column":10},"end":{"line":1194,"column":4}},"482":{"start":{"line":1185,"column":4},"end":{"line":1188,"column":5}},"483":{"start":{"line":1186,"column":5},"end":{"line":1186,"column":69}},"484":{"start":{"line":1187,"column":5},"end":{"line":1187,"column":100}},"485":{"start":{"line":1189,"column":10},"end":{"line":1194,"column":4}},"486":{"start":{"line":1190,"column":4},"end":{"line":1193,"column":5}},"487":{"start":{"line":1191,"column":5},"end":{"line":1191,"column":69}},"488":{"start":{"line":1192,"column":5},"end":{"line":1192,"column":100}},"489":{"start":{"line":1196,"column":3},"end":{"line":1196,"column":92}},"490":{"start":{"line":1197,"column":3},"end":{"line":1197,"column":89}},"491":{"start":{"line":1198,"column":3},"end":{"line":1198,"column":95}},"492":{"start":{"line":1201,"column":25},"end":{"line":1218,"column":3}},"493":{"start":{"line":1219,"column":2},"end":{"line":1219,"column":48}},"494":{"start":{"line":1222,"column":1},"end":{"line":1231,"column":7}},"495":{"start":{"line":1235,"column":0},"end":{"line":1248,"column":2}}},"fnMap":{"0":{"name":"generatePartReturnedAndConsumedTable","decl":{"start":{"line":5,"column":9},"end":{"line":5,"column":45}},"loc":{"start":{"line":5,"column":86},"end":{"line":120,"column":1}},"line":5},"1":{"name":"(anonymous_1)","decl":{"start":{"line":14,"column":57},"end":{"line":14,"column":58}},"loc":{"start":{"line":14,"column":70},"end":{"line":24,"column":3}},"line":14},"2":{"name":"(anonymous_2)","decl":{"start":{"line":26,"column":22},"end":{"line":26,"column":23}},"loc":{"start":{"line":26,"column":35},"end":{"line":70,"column":3}},"line":26},"3":{"name":"generateSafetyTable","decl":{"start":{"line":124,"column":9},"end":{"line":124,"column":28}},"loc":{"start":{"line":124,"column":39},"end":{"line":175,"column":1}},"line":124},"4":{"name":"(anonymous_4)","decl":{"start":{"line":134,"column":19},"end":{"line":134,"column":20}},"loc":{"start":{"line":134,"column":29},"end":{"line":146,"column":3}},"line":134},"5":{"name":"generateThermalOrPowerReport","decl":{"start":{"line":179,"column":15},"end":{"line":179,"column":43}},"loc":{"start":{"line":179,"column":63},"end":{"line":368,"column":1}},"line":179},"6":{"name":"(anonymous_6)","decl":{"start":{"line":198,"column":22},"end":{"line":198,"column":23}},"loc":{"start":{"line":198,"column":39},"end":{"line":358,"column":3}},"line":198},"7":{"name":"setData","decl":{"start":{"line":199,"column":13},"end":{"line":199,"column":20}},"loc":{"start":{"line":199,"column":31},"end":{"line":202,"column":5}},"line":199},"8":{"name":"setImage","decl":{"start":{"line":203,"column":13},"end":{"line":203,"column":21}},"loc":{"start":{"line":203,"column":32},"end":{"line":205,"column":3}},"line":203},"9":{"name":"setHTML","decl":{"start":{"line":206,"column":13},"end":{"line":206,"column":20}},"loc":{"start":{"line":206,"column":31},"end":{"line":209,"column":5}},"line":206},"10":{"name":"(anonymous_10)","decl":{"start":{"line":238,"column":14},"end":{"line":238,"column":15}},"loc":{"start":{"line":238,"column":22},"end":{"line":238,"column":41}},"line":238},"11":{"name":"(anonymous_11)","decl":{"start":{"line":328,"column":42},"end":{"line":328,"column":43}},"loc":{"start":{"line":328,"column":58},"end":{"line":345,"column":7}},"line":328},"12":{"name":"(anonymous_12)","decl":{"start":{"line":372,"column":26},"end":{"line":372,"column":27}},"loc":{"start":{"line":372,"column":55},"end":{"line":621,"column":1}},"line":372},"13":{"name":"(anonymous_13)","decl":{"start":{"line":391,"column":21},"end":{"line":391,"column":22}},"loc":{"start":{"line":391,"column":38},"end":{"line":607,"column":2}},"line":391},"14":{"name":"setData","decl":{"start":{"line":392,"column":11},"end":{"line":392,"column":18}},"loc":{"start":{"line":392,"column":29},"end":{"line":394,"column":3}},"line":392},"15":{"name":"setImage","decl":{"start":{"line":396,"column":11},"end":{"line":396,"column":19}},"loc":{"start":{"line":396,"column":30},"end":{"line":398,"column":3}},"line":396},"16":{"name":"setHTML","decl":{"start":{"line":400,"column":11},"end":{"line":400,"column":18}},"loc":{"start":{"line":400,"column":29},"end":{"line":402,"column":3}},"line":400},"17":{"name":"(anonymous_17)","decl":{"start":{"line":582,"column":37},"end":{"line":582,"column":38}},"loc":{"start":{"line":582,"column":48},"end":{"line":593,"column":3}},"line":582},"18":{"name":"(anonymous_18)","decl":{"start":{"line":624,"column":27},"end":{"line":624,"column":28}},"loc":{"start":{"line":624,"column":56},"end":{"line":849,"column":1}},"line":624},"19":{"name":"(anonymous_19)","decl":{"start":{"line":655,"column":21},"end":{"line":655,"column":22}},"loc":{"start":{"line":655,"column":38},"end":{"line":837,"column":2}},"line":655},"20":{"name":"setData","decl":{"start":{"line":656,"column":11},"end":{"line":656,"column":18}},"loc":{"start":{"line":656,"column":29},"end":{"line":658,"column":3}},"line":656},"21":{"name":"setImage","decl":{"start":{"line":660,"column":11},"end":{"line":660,"column":19}},"loc":{"start":{"line":660,"column":30},"end":{"line":662,"column":3}},"line":660},"22":{"name":"setHTML","decl":{"start":{"line":664,"column":11},"end":{"line":664,"column":18}},"loc":{"start":{"line":664,"column":29},"end":{"line":666,"column":3}},"line":664},"23":{"name":"(anonymous_23)","decl":{"start":{"line":779,"column":53},"end":{"line":779,"column":54}},"loc":{"start":{"line":779,"column":71},"end":{"line":781,"column":4}},"line":779},"24":{"name":"(anonymous_24)","decl":{"start":{"line":786,"column":54},"end":{"line":786,"column":55}},"loc":{"start":{"line":786,"column":72},"end":
[...]
e":"binary-expr","locations":[{"start":{"line":25,"column":13},"end":{"line":25,"column":30}},{"start":{"line":25,"column":34},"end":{"line":25,"column":39}}],"line":25},"3":{"loc":{"start":{"line":26,"column":27},"end":{"line":26,"column":78}},"type":"binary-expr","locations":[{"start":{"line":26,"column":27},"end":{"line":26,"column":70}},{"start":{"line":26,"column":74},"end":{"line":26,"column":78}}],"line":26},"4":{"loc":{"start":{"line":27,"column":26},"end":{"line":27,"column":76}},"type":"binary-expr","locations":[{"start":{"line":27,"column":26},"end":{"line":27,"column":68}},{"start":{"line":27,"column":72},"end":{"line":27,"column":76}}],"line":27},"5":{"loc":{"start":{"line":33,"column":15},"end":{"line":33,"column":63}},"type":"binary-expr","locations":[{"start":{"line":33,"column":15},"end":{"line":33,"column":54}},{"start":{"line":33,"column":58},"end":{"line":33,"column":63}}],"line":33},"6":{"loc":{"start":{"line":51,"column":4},"end":{"line":53,"column":5}},"type":"if","locations":[{"start":{"line":51,"column":4},"end":{"line":53,"column":5}},{"start":{},"end":{}}],"line":51},"7":{"loc":{"start":{"line":59,"column":14},"end":{"line":59,"column":80}},"type":"binary-expr","locations":[{"start":{"line":59,"column":14},"end":{"line":59,"column":28}},{"start":{"line":59,"column":32},"end":{"line":59,"column":52}},{"start":{"line":59,"column":56},"end":{"line":59,"column":80}}],"line":59},"8":{"loc":{"start":{"line":97,"column":4},"end":{"line":99,"column":5}},"type":"if","locations":[{"start":{"line":97,"column":4},"end":{"line":99,"column":5}},{"start":{},"end":{}}],"line":97},"9":{"loc":{"start":{"line":97,"column":8},"end":{"line":97,"column":72}},"type":"binary-expr","locations":[{"start":{"line":97,"column":8},"end":{"line":97,"column":39}},{"start":{"line":97,"column":43},"end":{"line":97,"column":72}}],"line":97}},"s":{"0":3,"1":3,"2":3,"3":3,"4":3,"5":3,"6":4,"7":4,"8":16,"9":2,"10":4,"11":1,"12":3,"13":5,"14":3,"15":4,"16":4,"17":1,"18":4,"19":2,"20":3,"21":3},"f":{"0":3,"1":3,"2":4,"3":16,"4":2,"5":5,"6":3,"7":4,"8":2},"b":{"0":[3,0],"1":[3,0],"2":[3,0],"3":[3,0],"4":[3,0],"5":[3,3],"6":[1,3],"7":[5,4,4],"8":[1,3],"9":[4,1]},"inputSourceMap":null,"_coverageSchema":"1a1c01bbd47fc00a2c39e90264f33305004495a9","hash":"f0e767fed4cf3c0e628f38f4c2c503db9853c4c1"}
,"/Users/pavanrathod/pdf-generation-serverless/src/utils/constants.js": {"path":"/Users/pavanrathod/pdf-generation-serverless/src/utils/constants.js","statementMap":{"0":{"start":{"line":3,"column":2},"end":{"line":3,"column":59}},"1":{"start":{"line":3,"column":34},"end":{"line":3,"column":57}},"2":{"start":{"line":7,"column":2},"end":{"line":12,"column":3}},"3":{"start":{"line":8,"column":4},"end":{"line":8,"column":20}},"4":{"start":{"line":9,"column":4},"end":{"line":9,"column":16}},"5":{"start":{"line":11,"column":4},"end":{"line":11,"column":17}},"6":{"start":{"line":17,"column":2},"end":{"line":26,"column":18}},"7":{"start":{"line":31,"column":18},"end":{"line":31,"column":64}},"8":{"start":{"line":31,"column":49},"end":{"line":31,"column":63}},"9":{"start":{"line":32,"column":2},"end":{"line":34,"column":3}},"10":{"start":{"line":33,"column":4},"end":{"line":33,"column":74}},"11":{"start":{"line":35,"column":2},"end":{"line":35,"column":14}},"12":{"start":{"line":40,"column":20},"end":{"line":40,"column":66}},"13":{"start":{"line":41,"column":2},"end":{"line":41,"column":61}},"14":{"start":{"line":46,"column":2},"end":{"line":46,"column":22}},"15":{"start":{"line":46,"column":12},"end":{"line":46,"column":22}},"16":{"start":{"line":47,"column":2},"end":{"line":52,"column":29}},"17":{"start":{"line":55,"column":0},"end":{"line":62,"column":2}}},"fnMap":{"0":{"name":"sleep","decl":{"start":{"line":2,"column":9},"end":{"line":2,"column":14}},"loc":{"start":{"line":2,"column":19},"end":{"line":4,"column":1}},"line":2},"1":{"name":"(anonymous_1)","decl":{"start":{"line":3,"column":21},"end":{"line":3,"column":22}},"loc":{"start":{"line":3,"column":34},"end":{"line":3,"column":57}},"line":3},"2":{"name":"isJSON","decl":{"start":{"line":6,"column":9},"end":{"line":6,"column":15}},"loc":{"start":{"line":6,"column":21},"end":{"line":13,"column":1}},"line":6},"3":{"name":"formatDateTime","decl":{"start":{"line":16,"column":9},"end":{"line":16,"column":23}},"loc":{"start":{"line":16,"column":43},"end":{"line":27,"column":1}},"line":16},"4":{"name":"validateRequiredParams","decl":{"start":{"line":30,"column":9},"end":{"line":30,"column":31}},"loc":{"start":{"line":30,"column":56},"end":{"line":36,"column":1}},"line":30},"5":{"name":"(anonymous_5)","decl":{"start":{"line":31,"column":40},"end":{"line":31,"column":41}},"loc":{"start":{"line":31,"column":49},"end":{"line":31,"column":63}},"line":31},"6":{"name":"generateFileName","decl":{"start":{"line":39,"column":9},"end":{"line":39,"column":25}},"loc":{"start":{"line":39,"column":53},"end":{"line":42,"column":1}},"line":39},"7":{"name":"sanitizeHtml","decl":{"start":{"line":45,"column":9},"end":{"line":45,"column":21}},"loc":{"start":{"line":45,"column":27},"end":{"line":53,"column":1}},"line":45}},"branchMap":{"0":{"loc":{"start":{"line":16,"column":24},"end":{"line":16,"column":41}},"type":"default-arg","locations":[{"start":{"line":16,"column":31},"end":{"line":16,"column":41}}],"line":16},"1":{"loc":{"start":{"line":32,"column":2},"end":{"line":34,"column":3}},"type":"if","locations":[{"start":{"line":32,"column":2},"end":{"line":34,"column":3}},{"start":{},"end":{}}],"line":32},"2":{"loc":{"start":{"line":39,"column":34},"end":{"line":39,"column":51}},"type":"default-arg","locations":[{"start":{"line":39,"column":46},"end":{"line":39,"column":51}}],"line":39},"3":{"loc":{"start":{"line":46,"column":2},"end":{"line":46,"column":22}},"type":"if","locations":[{"start":{"line":46,"column":2},"end":{"line":46,"column":22}},{"start":{},"end":{}}],"line":46}},"s":{"0":3,"1":3,"2":24,"3":24,"4":13,"5":11,"6":27,"7":8,"8":16,"9":8,"10":4,"11":4,"12":5,"13":5,"14":11,"15":3,"16":8,"17":7},"f":{"0":3,"1":3,"2":24,"3":27,"4":8,"5":16,"6":5,"7":11},"b":{"0":[25],"1":[4,4],"2":[4],"3":[3,8]},"inputSourceMap":null,"_coverageSchema":"1a1c01bbd47fc00a2c39e90264f33305004495a9","hash":"4e78de91be2237c9234c32d2acb78fea2a8cb560"}
,"/Users/pavanrathod/pdf-generation-serverless/src/utils/logger.js": {"path":"/Users/pavanrathod/pdf-generation-serverless/src/utils/logger.js","statementMap":{"0":{"start":{"line":1,"column":27},"end":{"line":1,"column":49}},"1":{"start":{"line":5,"column":4},"end":{"line":5,"column":78}},"2":{"start":{"line":9,"column":4},"end":{"line":12,"column":5}},"3":{"start":{"line":10,"column":24},"end":{"line":10,"column":40}},"4":{"start":{"line":11,"column":6},"end":{"line":11,"column":64}},"5":{"start":{"line":16,"column":4},"end":{"line":16,"column":43}},"6":{"start":{"line":20,"column":4},"end":{"line":20,"column":44}},"7":{"start":{"line":24,"column":4},"end":{"line":24,"column":47}},"8":{"start":{"line":29,"column":4},"end":{"line":33,"column":6}},"9":{"start":{"line":38,"column":4},"end":{"line":42,"column":6}},"10":{"start":{"line":47,"column":20},"end":{"line":47,"column":84}},"11":{"start":{"line":48,"column":4},"end":{"line":54,"column":5}},"12":{"start":{"line":49,"column":6},"end":{"line":49,"column":34}},"13":{"start":{"line":50,"column":11},"end":{"line":54,"column":5}},"14":{"start":{"line":51,"column":6},"end":{"line":51,"column":35}},"15":{"start":{"line":53,"column":6},"end":{"line":53,"column":35}},"16":{"start":{"line":59,"column":20},"end":{"line":59,"column":58}},"17":{"start":{"line":60,"column":4},"end":{"line":66,"column":5}},"18":{"start":{"line":61,"column":6},"end":{"line":61,"column":34}},"19":{"start":{"line":62,"column":11},"end":{"line":66,"column":5}},"20":{"start":{"line":63,"column":6},"end":{"line":63,"column":35}},"21":{"start":{"line":65,"column":6},"end":{"line":65,"column":35}},"22":{"start":{"line":71,"column":15},"end":{"line":71,"column":27}},"23":{"start":{"line":73,"column":0},"end":{"line":73,"column":24}}},"fnMap":{"0":{"name":"(anonymous_0)","decl":{"start":{"line":4,"column":2},"end":{"line":4,"column":3}},"loc":{"start":{"line":4,"column":34},"end":{"line":6,"column":3}},"line":4},"1":{"name":"(anonymous_1)","decl":{"start":{"line":8,"column":2},"end":{"line":8,"column":3}},"loc":{"start":{"line":8,"column":44},"end":{"line":13,"column":3}},"line":8},"2":{"name":"(anonymous_2)","decl":{"start":{"line":15,"column":2},"end":{"line":15,"column":3}},"loc":{"start":{"line":15,"column":27},"end":{"line":17,"column":3}},"line":15},"3":{"name":"(anonymous_3)","decl":{"start":{"line":19,"column":2},"end":{"line":19,"column":3}},"loc":{"start":{"line":19,"column":27},"end":{"line":21,"column":3}},"line":19},"4":{"name":"(anonymous_4)","decl":{"start":{"line":23,"column":2},"end":{"line":23,"column":3}},"loc":{"start":{"line":23,"column":29},"end":{"line":25,"column":3}},"line":23},"5":{"name":"(anonymous_5)","decl":{"start":{"line":28,"column":2},"end":{"line":28,"column":3}},"loc":{"start":{"line":28,"column":61},"end":{"line":34,"column":3}},"line":28},"6":{"name":"(anonymous_6)","decl":{"start":{"line":37,"column":2},"end":{"line":37,"column":3}},"loc":{"start":{"line":37,"column":50},"end":{"line":43,"column":3}},"line":37},"7":{"name":"(anonymous_7)","decl":{"start":{"line":46,"column":2},"end":{"line":46,"column":3}},"loc":{"start":{"line":46,"column":63},"end":{"line":55,"column":3}},"line":46},"8":{"name":"(anonymous_8)","decl":{"start":{"line":58,"column":2},"end":{"line":58,"column":3}},"loc":{"start":{"line":58,"column":55},"end":{"line":67,"column":3}},"line":58}},"branchMap":{"0":{"loc":{"start":{"line":4,"column":14},"end":{"line":4,"column":32}},"type":"default-arg","locations":[{"start":{"line":4,"column":27},"end":{"line":4,"column":32}}],"line":4},"1":{"loc":{"start":{"line":5,"column":22},"end":{"line":5,"column":77}},"type":"binary-expr","locations":[{"start":{"line":5,"column":22},"end":{"line":5,"column":32}},{"start":{"line":5,"column":36},"end":{"line":5,"column":77}}],"line":5},"2":{"loc":{"start":{"line":8,"column":17},"end":{"line":8,"column":26}},"type":"default-arg","locations":[{"start":{"line":8,"column":24},"end":{"line":8,"column":26}}],"line":8},"3":{"loc":{"start":{"line":8,"column":28},"end":{"line":8,"column":42}},"type":"default-arg","locations":[{"start":{"line":8,"column":40},"end":{"line":8,"column":42}}],"line":8},"4":{"loc":{"start":{"line":9,"column":4},"end":{"line":12,"column":5}},"type":"if","locations":[{"start":{"line":9,"column":4},"end":{"line":12,"column":5}},{"start":{},"end":{}}],"line":9},"5":{"loc":{"start":{"line":15,"column":16},"end":{"line":15,"column":25}},"type":"default-arg","locations":[{"start":{"line":15,"column":23},"end":{"line":15,"column":25}}],"line":15},"6":{"loc":{"start":{"line":19,"column":16},"end":{"line":19,"column":25}},"type":"default-arg","locations":[{"start":{"line":19,"column":23},"end":{"line":19,"column":25}}],"line":19},"7":{"loc":{"start":{"line":23,"column":17},"end":{"line":23,"column":27}},"type":"default-arg","locations":[{"start":{"line":23,"column":25},"end":{"line":23,"column":27}}],"line":23},"8":{"loc":{"start":{"line":28,"column":45},"end":{"line":28,"column":59}},"type":"default-arg","locations":[{"start":{"line":28,"column":57},"end":{"line":28,"column":59}}],"line":28},"9":{"loc":{"start":{"line":37,"column":34},"end":{"line":37,"column":48}},"type":"default-arg","locations":[{"start":{"line":37,"column":46},"end":{"line":37,"column":48}}],"line":37},"10":{"loc":{"start":{"line":46,"column":49},"end":{"line":46,"column":61}},"type":"default-arg","locations":[{"start":{"line":46,"column":59},"end":{"line":46,"column":61}}],"line":46},"11":{"loc":{"start":{"line":48,"column":4},"end":{"line":54,"column":5}},"type":"if","locations":[{"start":{"line":48,"column":4},"end":{"line":54,"column":5}},{"start":{"line":50,"column":11},"end":{"line":54,"column":5}}],"line":48},"12":{"loc":{"start":{"line":50,"column":11},"end":{"line":54,"column":5}},"type":"if","locations":[{"start":{"line":50,"column":11},"end":{"line":54,"column":5}},{"start":{"line":52,"column":11},"end":{"line":54,"column":5}}],"line":50},"13":{"loc":{"start":{"line":58,"column":41},"end":{"line":58,"column":53}},"type":"default-arg","locations":[{"start":{"line":58,"column":51},"end":{"line":58,"column":53}}],"line":58},"14":{"loc":{"start":{"line":60,"column":4},"end":{"line":66,"column":5}},"type":"if","locations":[{"start":{"line":60,"column":4},"end":{"line":66,"column":5}},{"start":{"line":62,"column":11},"end":{"line":66,"column":5}}],"line":60},"15":{"loc":{"start":{"line":62,"column":11},"end":{"line":66,"column":5}},"type":"if","locations":[{"start":{"line":62,"column":11},"end":{"line":66,"column":5}},{"start":{"line":64,"column":11},"end":{"line":66,"column":5}}],"line":62}},"s":{"0":3,"1":3,"2":16,"3":13,"4":13,"5":30,"6":4,"7":16,"8":4,"9":6,"10":5,"11":5,"12":3,"13":2,"14":1,"15":1,"16":34,"17":34,"18":22,"19":12,"20":11,"21":1,"22":3,"23":3},"f":{"0":3,"1":16,"2":30,"3":4,"4":16,"5":4,"6":6,"7":5,"8":34},"b":{"0":[3],"1":[3,3],"2":[3],"3":[5],"4":[13,3],"5":[4],"6":[3],"7":[2],"8":[3],"9":[5],"10":[2],"11":[3,2],"12":[1,1],"13":[11],"14":[22,12],"15":[11,1]},"inputSourceMap":null,"_coverageSchema":"1a1c01bbd47fc00a2c39e90264f33305004495a9","hash":"672b494e9b31c44451673f11dd580a057961bf22"}
,"/Users/pavanrathod/pdf-generation-serverless/src/utils/templateLoader.js": {"path":"/Users/pavanrathod/pdf-generation-serverless/src/utils/templateLoader.js","statementMap":{"0":{"start":{"line":1,"column":11},"end":{"line":1,"column":24}},"1":{"start":{"line":2,"column":13},"end":{"line":2,"column":28}},"2":{"start":{"line":6,"column":4},"end":{"line":6,"column":24}},"3":{"start":{"line":7,"column":4},"end":{"line":7,"column":60}},"4":{"start":{"line":8,"column":4},"end":{"line":8,"column":25}},"5":{"start":{"line":12,"column":30},"end":{"line":12,"column":110}},"6":{"start":{"line":14,"column":4},"end":{"line":28,"column":7}},"7":{"start":{"line":15,"column":27},"end":{"line":15,"column":52}},"8":{"start":{"line":16,"column":27},"end":{"line":16,"column":60}},"9":{"start":{"line":18,"column":6},"end":{"line":27,"column":7}},"10":{"start":{"line":19,"column":8},"end":{"line":24,"column":9}},"11":{"start":{"line":20,"column":10},"end":{"line":20,"column":79}},"12":{"start":{"line":21,"column":10},"end":{"line":21,"column":58}},"13":{"start":{"line":23,"column":10},"end":{"line":23,"column":67}},"14":{"start":{"line":26,"column":8},"end":{"line":26,"column":81}},"15":{"start":{"line":32,"column":4},"end":{"line":34,"column":5}},"16":{"start":{"line":33,"column":6},"end":{"line":33,"column":124}},"17":{"start":{"line":35,"column":4},"end":{"line":35,"column":40}},"18":{"start":{"line":39,"column":4},"end":{"line":39,"column":26}},"19":{"start":{"line":43,"column":4},"end":{"line":43,"column":39}},"20":{"start":{"line":47,"column":21},"end":{"line":47,"column":51}},"21":{"start":{"line":50,"column":29},"end":{"line":50,"column":67}},"22":{"start":{"line":51,"column":28},"end":{"line":53,"column":5}},"23":{"start":{"line":52,"column":6},"end":{"line":52,"column":43}},"24":{"start":{"line":55,"column":4},"end":{"line":57,"column":5}},"25":{"start":{"line":56,"column":6},"end":{"line":56,"column":82}},"26":{"start":{"line":59,"column":4},"end":{"line":59,"column":40}},"27":{"start":{"line":63,"column":27},"end":{"line":63,"column":74}},"28":{"start":{"line":65,"column":4},"end":{"line":78,"column":5}},"29":{"start":{"line":67,"column":8},"end":{"line":67,"column":95}},"30":{"start":{"line":69,"column":8},"end":{"line":69,"column":67}},"31":{"start":{"line":71,"column":8},"end":{"line":71,"column":61}},"32":{"start":{"line":73,"column":8},"end":{"line":73,"column":83}},"33":{"start":{"line":75,"column":8},"end":{"line":75,"column":111}},"34":{"start":{"line":77,"column":8},"end":{"line":77,"column":30}},"35":{"start":{"line":82,"column":20},"end":{"line":82,"column":22}},"36":{"start":{"line":83,"column":22},"end":{"line":83,"column":45}},"37":{"start":{"line":85,"column":4},"end":{"line":87,"column":7}},"38":{"start":{"line":86,"column":6},"end":{"line":86,"column":58}},"39":{"start":{"line":89,"column":4},"end":{"line":89,"column":19}},"40":{"start":{"line":93,"column":0},"end":{"line":93,"column":38}}},"fnMap":{"0":{"name":"(anonymous_0)","decl":{"start":{"line":5,"column":2},"end":{"line":5,"column":3}},"loc":{"start":{"line":5,"column":16},"end":{"line":9,"column":3}},"line":5},"1":{"name":"(anonymous_1)","decl":{"start":{"line":11,"column":6},"end":{"line":11,"column":7}},"loc":{"start":{"line":11,"column":22},"end":{"line":29,"column":3}},"line":11},"2":{"name":"(anonymous_2)","decl":{"start":{"line":14,"column":26},"end":{"line":14,"column":27}},"loc":{"start":{"line":14,"column":34},"end":{"line":28,"column":5}},"line":14},"3":{"name":"(anonymous_3)","decl":{"start":{"line":31,"column":2},"end":{"line":31,"column":3}},"loc":{"start":{"line":31,"column":28},"end":{"line":36,"column":3}},"line":31},"4":{"name":"(anonymous_4)","decl":{"start":{"line":38,"column":2},"end":{"line":38,"column":3}},"loc":{"start":{"line":38,"column":20},"end":{"line":40,"column":3}},"line":38},"5":{"name":"(anonymous_5)","decl":{"start":{"line":42,"column":2},"end":{"line":42,"column":3}},"loc":{"start":{"line":42,"column":21},"end":{"line":44,"column":3}},"line":42},"6":{"name":"(anonymous_6)","decl":{"start":{"line":46,"column":2},"end":{"line":46,"column":3}},"loc":{"start":{"line":46,"column":33},"end":{"line":60,"column":3}},"line":46},"7":{"name":"(anonymous_7)","decl":{"start":{"line":51,"column":52},"end":{"line":51,"column":53}},"loc":{"start":{"line":52,"column":6},"end":{"line":52,"column":43}},"line":52},"8":{"name":"(anonymous_8)","decl":{"start":{"line":62,"column":2},"end":{"line":62,"column":3}},"loc":{"start":{"line":62,"column":36},"end":{"line":79,"column":3}},"line":62},"9":{"name":"(anonymous_9)","decl":{"start":{"line":81,"column":2},"end":{"line":81,"column":3}},"loc":{"start":{"line":81,"column":25},"end":{"line":90,"column":3}},"line":81},"10":{"name":"(anonymous_10)","decl":{"start":{"line":85,"column":22},"end":{"line":85,"column":23}},"loc":{"start":{"line":85,"column":34},"end":{"line":87,"column":5}},"line":85}},"branchMap":{"0":{"loc":{"start":{"line":19,"column":8},"end":{"line":24,"column":9}},"type":"if","locations":[{"start":{"line":19,"column":8},"end":{"line":24,"column":9}},{"start":{"line":22,"column":15},"end":{"line":24,"column":9}}],"line":19},"1":{"loc":{"start":{"line":32,"column":4},"end":{"line":34,"column":5}},"type":"if","locations":[{"start":{"line":32,"column":4},"end":{"line":34,"column":5}},{"start":{},"end":{}}],"line":32},"2":{"loc":{"start":{"line":55,"column":4},"end":{"line":57,"column":5}},"type":"if","locations":[{"start":{"line":55,"column":4},"end":{"line":57,"column":5}},{"start":{},"end":{}}],"line":55},"3":{"loc":{"start":{"line":65,"column":4},"end":{"line":78,"column":5}},"type":"switch","locations":[{"start":{"line":66,"column":6},"end":{"line":67,"column":95}},{"start":{"line":68,"column":6},"end":{"line":69,"column":67}},{"start":{"line":70,"column":6},"end":{"line":71,"column":61}},{"start":{"line":72,"column":6},"end":{"line":73,"column":83}},{"start":{"line":74,"column":6},"end":{"line":75,"column":111}},{"start":{"line":76,"column":6},"end":{"line":77,"column":30}}],"line":65}},"s":{"0":1,"1":1,"2":1,"3":1,"4":1,"5":26,"6":26,"7":130,"8":130,"9":130,"10":130,"11":25,"12":24,"13":100,"14":6,"15":11,"16":3,"17":8,"18":2,"19":5,"20":7,"21":6,"22":6,"23":38,"24":6,"25":3,"26":6,"27":8,"28":8,"29":6,"30":0,"31":0,"32":0,"33":0,"34":2,"35":3,"36":3,"37":3,"38":3,"39":3,"40":1},"f":{"0":1,"1":26,"2":130,"3":11,"4":2,"5":5,"6":7,"7":38,"8":8,"9":3,"10":3},"b":{"0":[25,100],"1":[3,8],"2":[3,3],"3":[6,0,0,0,0,2]},"inputSourceMap":null,"_coverageSchema":"1a1c01bbd47fc00a2c39e90264f33305004495a9","hash":"a872aeb3efca7a2135b674c5a21d60074a4ced9a"}
}
