TN:
SF:src/handlers/generatePDF.js
FN:31,(anonymous_0)
FNF:1
FNH:1
FNDA:50,(anonymous_0)
DA:1,1
DA:2,1
DA:3,1
DA:4,1
DA:5,1
DA:12,1
DA:13,1
DA:14,1
DA:17,1
DA:18,1
DA:23,1
DA:24,1
DA:25,1
DA:27,1
DA:31,1
DA:32,50
DA:33,48
DA:35,48
DA:36,48
DA:37,47
DA:40,46
DA:42,45
DA:44,45
DA:52,45
DA:56,45
DA:59,45
DA:64,45
DA:66,45
DA:83,45
DA:94,45
DA:95,45
DA:96,293
DA:97,293
DA:98,293
DA:99,10
DA:100,10
DA:101,10
DA:102,10
DA:109,45
DA:110,35
DA:112,35
DA:113,35
DA:114,35
DA:115,0
DA:117,35
DA:123,0
DA:132,45
DA:133,45
DA:136,45
DA:137,45
DA:139,7
DA:142,7
DA:143,6
DA:144,6
DA:145,6
DA:146,0
DA:161,0
DA:163,6
DA:164,6
DA:167,1
DA:171,38
DA:172,38
DA:174,38
DA:176,0
DA:177,0
DA:178,0
DA:180,0
DA:181,0
DA:182,0
DA:183,0
DA:184,0
DA:185,0
DA:187,0
DA:190,0
DA:195,37
DA:196,37
DA:197,37
DA:199,6
DA:200,6
DA:201,5
DA:202,5
DA:203,0
DA:204,0
DA:206,1
DA:209,31
DA:212,1
DA:213,1
DA:214,1
DA:216,1
DA:217,1
DA:218,0
DA:219,0
DA:220,0
DA:221,0
DA:223,1
DA:226,0
DA:229,0
DA:232,31
DA:234,30
DA:235,1
DA:238,29
DA:240,29
DA:242,29
DA:243,27
DA:244,27
DA:245,25
DA:246,25
DA:248,2
DA:251,2
DA:254,29
DA:261,29
DA:263,29
DA:275,19
DA:277,19
DA:283,19
DA:285,19
LF:116
LH:93
BRDA:18,0,0,1
BRDA:18,0,1,1
BRDA:18,0,2,1
BRDA:18,0,3,1
BRDA:23,1,0,1
BRDA:23,1,1,0
BRDA:32,2,0,50
BRDA:32,2,1,1
BRDA:36,3,0,3
BRDA:36,3,1,45
BRDA:37,4,0,2
BRDA:37,4,1,44
BRDA:47,5,0,44
BRDA:47,5,1,1
BRDA:59,6,0,45
BRDA:59,6,1,30
BRDA:59,6,2,30
BRDA:59,6,3,30
BRDA:64,7,0,45
BRDA:64,7,1,0
BRDA:98,8,0,10
BRDA:98,8,1,275
BRDA:109,9,0,35
BRDA:109,9,1,10
BRDA:112,10,0,35
BRDA:112,10,1,0
BRDA:132,11,0,45
BRDA:132,11,1,0
BRDA:142,12,0,6
BRDA:142,12,1,1
BRDA:142,13,0,7
BRDA:142,13,1,7
BRDA:174,14,0,0
BRDA:174,14,1,0
BRDA:174,14,2,0
BRDA:174,14,3,37
BRDA:174,14,4,1
BRDA:174,14,5,0
BRDA:181,15,0,0
BRDA:181,15,1,0
BRDA:200,16,0,5
BRDA:200,16,1,1
BRDA:217,17,0,0
BRDA:217,17,1,1
BRDA:234,18,0,1
BRDA:234,18,1,29
BRDA:234,19,0,30
BRDA:234,19,1,29
BRDA:242,20,0,27
BRDA:242,20,1,2
BRF:50
BRH:39
end_of_record
TN:
SF:src/handlers/getPDF.js
FN:5,(anonymous_0)
FNF:1
FNH:1
FNDA:36,(anonymous_0)
DA:1,1
DA:2,1
DA:3,1
DA:5,1
DA:6,36
DA:7,34
DA:9,34
DA:10,34
DA:12,34
DA:13,6
DA:14,6
DA:16,6
DA:26,28
DA:28,28
DA:29,21
DA:30,21
DA:31,19
DA:33,2
DA:36,3
DA:39,24
DA:40,17
DA:45,17
DA:47,17
DA:58,7
DA:59,7
DA:61,7
DA:72,4
DA:74,4
DA:75,4
DA:77,4
LF:30
LH:30
BRDA:6,0,0,36
BRDA:6,0,1,5
BRDA:10,1,0,34
BRDA:10,1,1,2
BRDA:12,2,0,6
BRDA:12,2,1,28
BRDA:28,3,0,21
BRDA:28,3,1,3
BRDA:39,4,0,17
BRDA:39,4,1,7
BRF:10
BRH:10
end_of_record
TN:
SF:src/handlers/onepmFSR.js
FN:22,(anonymous_0)
FN:98,(anonymous_1)
FN:100,(anonymous_2)
FNF:3
FNH:3
FNDA:60,(anonymous_0)
FNDA:110,(anonymous_1)
FNDA:100,(anonymous_2)
DA:1,1
DA:2,1
DA:3,1
DA:4,1
DA:5,1
DA:6,1
DA:14,1
DA:15,1
DA:16,1
DA:19,1
DA:20,1
DA:22,1
DA:23,60
DA:24,58
DA:26,58
DA:27,58
DA:28,56
DA:31,56
DA:33,55
DA:34,1
DA:37,54
DA:49,54
DA:50,54
DA:51,54
DA:54,54
DA:60,54
DA:66,54
DA:67,54
DA:68,54
DA:69,54
DA:70,54
DA:71,54
DA:73,54
DA:77,54
DA:79,54
DA:86,0
DA:96,54
DA:98,110
DA:100,100
DA:102,10
DA:103,110
DA:104,110
DA:107,110
DA:118,110
DA:120,110
DA:136,110
DA:137,110
DA:138,110
DA:140,110
DA:141,110
DA:142,110
DA:143,109
DA:144,109
DA:146,1
DA:147,1
DA:148,1
DA:149,1
DA:150,0
DA:151,0
DA:152,0
DA:153,0
DA:155,0
DA:159,109
DA:161,109
DA:162,2
DA:165,107
DA:170,51
DA:184,51
DA:185,51
DA:186,50
DA:188,50
DA:189,49
DA:190,49
DA:191,27
DA:192,27
DA:194,22
DA:195,22
DA:196,1
DA:197,1
DA:198,0
DA:199,0
DA:200,0
DA:201,0
DA:203,21
DA:207,27
DA:209,26
DA:210,2
DA:214,24
DA:215,24
DA:216,23
DA:217,23
DA:220,23
DA:221,22
DA:222,22
DA:223,21
DA:224,20
DA:225,20
DA:226,20
DA:227,20
DA:228,20
DA:230,2
DA:233,1
DA:236,23
DA:244,23
DA:246,23
DA:258,35
DA:260,35
DA:266,35
DA:268,35
LF:109
LH:99
BRDA:23,0,0,60
BRDA:23,0,1,1
BRDA:27,1,0,56
BRDA:27,1,1,2
BRDA:28,2,0,11
BRDA:28,2,1,45
BRDA:33,3,0,1
BRDA:33,3,1,54
BRDA:54,4,0,1
BRDA:54,4,1,53
BRDA:54,5,0,54
BRDA:54,5,1,2
BRDA:56,6,0,1
BRDA:56,6,1,52
BRDA:56,7,0,53
BRDA:56,7,1,11
BRDA:60,8,0,1
BRDA:60,8,1,53
BRDA:60,9,0,54
BRDA:60,9,1,2
BRDA:62,10,0,1
BRDA:62,10,1,52
BRDA:62,11,0,53
BRDA:62,11,1,11
BRDA:66,12,0,1
BRDA:66,12,1,53
BRDA:66,13,0,1
BRDA:66,13,1,52
BRDA:67,14,0,1
BRDA:67,14,1,53
BRDA:67,15,0,1
BRDA:67,15,1,52
BRDA:68,16,0,1
BRDA:68,16,1,53
BRDA:68,17,0,1
BRDA:68,17,1,52
BRDA:69,18,0,1
BRDA:69,18,1,53
BRDA:69,19,0,1
BRDA:69,19,1,52
BRDA:70,20,0,1
BRDA:70,20,1,53
BRDA:70,21,0,1
BRDA:70,21,1,52
BRDA:71,22,0,1
BRDA:71,22,1,53
BRDA:71,23,0,1
BRDA:71,23,1,52
BRDA:77,24,0,54
BRDA:77,24,1,0
BRDA:96,25,0,10
BRDA:96,25,1,44
BRDA:96,26,0,54
BRDA:96,26,1,10
BRDA:100,27,0,100
BRDA:100,27,1,1
BRDA:100,28,0,100
BRDA:100,28,1,1
BRDA:104,29,0,110
BRDA:104,29,1,0
BRDA:109,30,0,110
BRDA:109,30,1,109
BRDA:110,31,0,110
BRDA:110,31,1,109
BRDA:111,32,0,110
BRDA:111,32,1,109
BRDA:112,33,0,110
BRDA:112,33,1,109
BRDA:113,34,0,110
BRDA:113,34,1,109
BRDA:114,35,0,110
BRDA:114,35,1,109
BRDA:147,36,0,1
BRDA:147,36,1,0
BRDA:161,37,0,2
BRDA:161,37,1,107
BRDA:161,38,0,109
BRDA:161,38,1,108
BRDA:195,39,0,1
BRDA:195,39,1,21
BRDA:209,40,0,2
BRDA:209,40,1,24
BRDA:209,41,0,26
BRDA:209,41,1,25
BRDA:220,42,0,22
BRDA:220,42,1,1
BRF:86
BRH:83
end_of_record
TN:
SF:src/helpers/reportGenerationHelpers.js
FN:5,generatePartReturnedAndConsumedTable
FN:14,(anonymous_1)
FN:26,(anonymous_2)
FN:124,generateSafetyTable
FN:134,(anonymous_4)
FN:179,generateThermalOrPowerReport
FN:198,(anonymous_6)
FN:199,setData
FN:203,setImage
FN:206,setHTML
FN:238,(anonymous_10)
FN:328,(anonymous_11)
FN:372,(anonymous_12)
FN:391,(anonymous_13)
FN:392,setData
FN:396,setImage
FN:400,setHTML
FN:582,(anonymous_17)
FN:624,(anonymous_18)
FN:655,(anonymous_19)
FN:656,setData
FN:660,setImage
FN:664,setHTML
FN:779,(anonymous_23)
FN:786,(anonymous_24)
FN:852,generateBatteryDetails
FN:854,(anonymous_26)
FN:863,generateDCPSRiskAssesment
FN:865,(anonymous_28)
FN:867,(anonymous_29)
FN:876,mergePDFs
FN:902,generateSafetyTableForOnepmFSR
FN:912,(anonymous_32)
FN:960,generateProductsCoveredTable
FN:1025,(anonymous_34)
FN:1026,(anonymous_35)
FN:1027,setData
FN:1031,setImage
FN:1035,setHTML
FN:1118,(anonymous_39)
FN:1119,(anonymous_40)
FN:1120,setData
FN:1124,setImage
FN:1128,setHTML
FNF:44
FNH:32
FNDA:17,generatePartReturnedAndConsumedTable
FNDA:8,(anonymous_1)
FNDA:16,(anonymous_2)
FNDA:12,generateSafetyTable
FNDA:7,(anonymous_4)
FNDA:111,generateThermalOrPowerReport
FNDA:28,(anonymous_6)
FNDA:801,setData
FNDA:0,setImage
FNDA:200,setHTML
FNDA:75,(anonymous_10)
FNDA:13,(anonymous_11)
FNDA:7,(anonymous_12)
FNDA:3,(anonymous_13)
FNDA:3,setData
FNDA:0,setImage
FNDA:0,setHTML
FNDA:0,(anonymous_17)
FNDA:8,(anonymous_18)
FNDA:1,(anonymous_19)
FNDA:1,setData
FNDA:0,setImage
FNDA:0,setHTML
FNDA:0,(anonymous_23)
FNDA:0,(anonymous_24)
FNDA:2,generateBatteryDetails
FNDA:2,(anonymous_26)
FNDA:5,generateDCPSRiskAssesment
FNDA:6,(anonymous_28)
FNDA:15,(anonymous_29)
FNDA:4,mergePDFs
FNDA:5,generateSafetyTableForOnepmFSR
FNDA:2,(anonymous_32)
FNDA:9,generateProductsCoveredTable
FNDA:9,(anonymous_34)
FNDA:3,(anonymous_35)
FNDA:3,setData
FNDA:0,setImage
FNDA:0,setHTML
FNDA:12,(anonymous_39)
FNDA:3,(anonymous_40)
FNDA:3,setData
FNDA:0,setImage
FNDA:0,setHTML
DA:1,1
DA:2,1
DA:6,17
DA:7,17
DA:8,17
DA:9,17
DA:10,17
DA:11,17
DA:12,17
DA:14,10
DA:15,8
DA:16,3
DA:17,3
DA:19,5
DA:20,3
DA:21,3
DA:23,2
DA:26,10
DA:27,16
DA:28,9
DA:49,15
DA:50,6
DA:73,13
DA:74,9
DA:75,21
DA:96,9
DA:97,24
DA:119,13
DA:125,12
DA:127,12
DA:128,12
DA:129,12
DA:130,12
DA:133,12
DA:134,8
DA:135,7
DA:136,24
DA:137,24
DA:138,24
DA:140,24
DA:141,9
DA:144,24
DA:148,7
DA:149,9
DA:150,9
DA:151,9
DA:152,9
DA:156,11
DA:157,11
DA:158,11
DA:159,11
DA:161,11
DA:181,111
DA:191,111
DA:198,111
DA:200,801
DA:201,800
DA:204,0
DA:207,200
DA:208,200
DA:211,28
DA:221,28
DA:231,28
DA:232,25
DA:233,25
DA:234,25
DA:237,25
DA:238,75
DA:240,25
DA:241,25
DA:242,25
DA:245,25
DA:246,25
DA:247,25
DA:248,25
DA:251,25
DA:252,25
DA:255,25
DA:256,25
DA:257,25
DA:258,25
DA:259,25
DA:262,25
DA:263,25
DA:264,25
DA:265,25
DA:268,25
DA:269,25
DA:270,25
DA:271,25
DA:272,25
DA:273,25
DA:274,25
DA:275,25
DA:276,25
DA:279,25
DA:281,25
DA:293,25
DA:319,25
DA:320,25
DA:323,25
DA:324,25
DA:325,25
DA:327,25
DA:328,5
DA:329,13
DA:330,6
DA:331,5
DA:332,5
DA:334,7
DA:335,3
DA:336,3
DA:337,3
DA:339,4
DA:340,4
DA:341,3
DA:342,3
DA:349,25
DA:350,25
DA:351,25
DA:354,25
DA:355,25
DA:356,25
DA:360,109
DA:372,1
DA:374,7
DA:384,7
DA:391,7
DA:393,3
DA:397,0
DA:401,0
DA:405,3
DA:415,3
DA:425,3
DA:433,3
DA:438,3
DA:443,3
DA:448,3
DA:454,3
DA:455,0
DA:459,0
DA:460,0
DA:463,0
DA:464,0
DA:465,0
DA:467,0
DA:468,0
DA:469,0
DA:470,0
DA:471,0
DA:472,0
DA:473,0
DA:474,0
DA:475,0
DA:476,0
DA:477,0
DA:478,0
DA:479,0
DA:480,0
DA:481,0
DA:482,0
DA:483,0
DA:484,0
DA:485,0
DA:487,0
DA:488,0
DA:489,0
DA:490,0
DA:491,0
DA:492,0
DA:493,0
DA:494,0
DA:495,0
DA:496,0
DA:497,0
DA:499,0
DA:501,0
DA:504,0
DA:506,0
DA:518,0
DA:544,0
DA:545,0
DA:547,0
DA:548,0
DA:549,0
DA:551,0
DA:552,0
DA:553,0
DA:554,0
DA:555,0
DA:556,0
DA:558,0
DA:559,0
DA:560,0
DA:561,0
DA:563,0
DA:564,0
DA:565,0
DA:566,0
DA:570,0
DA:571,0
DA:572,0
DA:575,0
DA:577,0
DA:578,0
DA:580,0
DA:582,0
DA:583,0
DA:584,0
DA:585,0
DA:586,0
DA:587,0
DA:588,0
DA:589,0
DA:595,0
DA:596,0
DA:597,0
DA:599,0
DA:600,0
DA:601,0
DA:602,0
DA:603,0
DA:604,0
DA:605,0
DA:606,0
DA:608,3
DA:624,1
DA:626,8
DA:636,8
DA:643,8
DA:644,8
DA:645,8
DA:647,8
DA:648,2
DA:651,8
DA:652,2
DA:655,6
DA:657,1
DA:661,0
DA:665,0
DA:669,1
DA:681,1
DA:693,1
DA:701,1
DA:706,1
DA:711,1
DA:716,1
DA:722,1
DA:723,0
DA:724,0
DA:729,0
DA:730,0
DA:731,0
DA:732,0
DA:734,0
DA:735,0
DA:736,0
DA:737,0
DA:738,0
DA:740,0
DA:741,0
DA:742,0
DA:743,0
DA:744,0
DA:745,0
DA:746,0
DA:747,0
DA:748,0
DA:750,0
DA:751,0
DA:752,0
DA:753,0
DA:754,0
DA:756,0
DA:757,0
DA:759,0
DA:760,0
DA:761,0
DA:762,0
DA:763,0
DA:764,0
DA:765,0
DA:767,0
DA:768,0
DA:769,0
DA:770,0
DA:771,0
DA:772,0
DA:773,0
DA:774,0
DA:775,0
DA:778,0
DA:779,0
DA:780,0
DA:785,0
DA:786,0
DA:787,0
DA:791,0
DA:792,0
DA:794,0
DA:812,0
DA:831,0
DA:832,0
DA:834,0
DA:835,0
DA:839,4
DA:853,2
DA:854,2
DA:855,2
DA:856,2
DA:857,2
DA:858,2
DA:860,2
DA:864,5
DA:865,5
DA:866,6
DA:867,5
DA:868,15
DA:872,5
DA:877,4
DA:878,4
DA:881,4
DA:882,5
DA:883,5
DA:884,1
DA:885,1
DA:886,1
DA:887,1
DA:890,4
DA:895,4
DA:898,4
DA:903,5
DA:905,5
DA:906,5
DA:907,5
DA:908,5
DA:911,5
DA:912,2
DA:913,2
DA:914,4
DA:915,4
DA:916,4
DA:918,4
DA:919,4
DA:922,4
DA:926,2
DA:927,2
DA:928,2
DA:929,4
DA:930,4
DA:931,4
DA:932,4
DA:933,4
DA:937,5
DA:938,5
DA:939,5
DA:940,5
DA:942,5
DA:961,9
DA:962,9
DA:963,9
DA:964,9
DA:965,9
DA:966,9
DA:967,9
DA:968,9
DA:970,9
DA:971,6
DA:972,6
DA:973,22
DA:974,22
DA:975,22
DA:976,22
DA:977,22
DA:978,22
DA:979,22
DA:980,22
DA:981,2
DA:985,6
DA:986,4
DA:987,26
DA:988,26
DA:989,26
DA:990,26
DA:991,26
DA:992,26
DA:998,9
DA:999,9
DA:1000,9
DA:1001,9
DA:1002,9
DA:1003,9
DA:1005,9
DA:1025,1
DA:1026,9
DA:1028,3
DA:1032,0
DA:1036,0
DA:1039,3
DA:1040,0
DA:1041,0
DA:1042,0
DA:1044,0
DA:1045,0
DA:1046,0
DA:1050,0
DA:1051,0
DA:1052,0
DA:1053,0
DA:1054,0
DA:1055,0
DA:1056,0
DA:1057,0
DA:1058,0
DA:1059,0
DA:1060,0
DA:1061,0
DA:1063,0
DA:1081,0
DA:1100,0
DA:1101,0
DA:1104,5
DA:1118,1
DA:1119,12
DA:1121,3
DA:1125,0
DA:1129,0
DA:1131,3
DA:1132,0
DA:1133,0
DA:1134,0
DA:1136,0
DA:1137,0
DA:1138,0
DA:1142,0
DA:1143,0
DA:1144,0
DA:1145,0
DA:1146,0
DA:1147,0
DA:1148,0
DA:1149,0
DA:1150,0
DA:1151,0
DA:1152,0
DA:1153,0
DA:1154,0
DA:1155,0
DA:1156,0
DA:1157,0
DA:1158,0
DA:1159,0
DA:1160,0
DA:1161,0
DA:1162,0
DA:1163,0
DA:1164,0
DA:1165,0
DA:1166,0
DA:1167,0
DA:1168,0
DA:1169,0
DA:1170,0
DA:1171,0
DA:1173,0
DA:1174,0
DA:1175,0
DA:1177,0
DA:1178,0
DA:1179,0
DA:1180,0
DA:1181,0
DA:1182,0
DA:1184,0
DA:1185,0
DA:1186,0
DA:1187,0
DA:1189,0
DA:1190,0
DA:1191,0
DA:1192,0
DA:1196,0
DA:1197,0
DA:1198,0
DA:1201,0
DA:1219,0
DA:1222,8
DA:1235,1
LF:488
LH:256
BRDA:5,0,0,0
BRDA:12,1,0,10
BRDA:12,1,1,5
BRDA:12,2,0,17
BRDA:12,2,1,14
BRDA:14,3,0,1
BRDA:14,3,1,9
BRDA:15,4,0,3
BRDA:15,4,1,5
BRDA:15,5,0,8
BRDA:15,5,1,4
BRDA:19,6,0,3
BRDA:19,6,1,2
BRDA:19,7,0,5
BRDA:19,7,1,4
BRDA:27,8,0,9
BRDA:27,8,1,6
BRDA:41,9,0,8
BRDA:41,9,1,1
BRDA:42,10,0,8
BRDA:42,10,1,1
BRDA:43,11,0,8
BRDA:43,11,1,1
BRDA:44,12,0,8
BRDA:44,12,1,1
BRDA:49,13,0,6
BRDA:49,13,1,9
BRDA:63,14,0,6
BRDA:63,14,1,0
BRDA:64,15,0,6
BRDA:64,15,1,0
BRDA:65,16,0,6
BRDA:65,16,1,0
BRDA:66,17,0,6
BRDA:66,17,1,0
BRDA:73,18,0,9
BRDA:73,18,1,4
BRDA:73,19,0,13
BRDA:73,19,1,4
BRDA:133,20,0,8
BRDA:133,20,1,4
BRDA:133,21,0,12
BRDA:133,21,1,9
BRDA:140,22,0,9
BRDA:140,22,1,15
BRDA:150,23,0,9
BRDA:150,23,1,2
BRDA:151,24,0,9
BRDA:151,24,1,2
BRDA:152,25,0,9
BRDA:152,25,1,3
BRDA:201,26,0,768
BRDA:201,26,1,32
BRDA:201,27,0,768
BRDA:201,27,1,736
BRDA:208,28,0,192
BRDA:208,28,1,8
BRDA:208,29,0,192
BRDA:208,29,1,122
BRDA:211,30,0,1
BRDA:211,30,1,27
BRDA:211,31,0,28
BRDA:211,31,1,2
BRDA:213,32,0,2
BRDA:213,32,1,25
BRDA:213,33,0,27
BRDA:213,33,1,4
BRDA:213,33,2,4
BRDA:213,33,3,3
BRDA:221,34,0,1
BRDA:221,34,1,27
BRDA:221,35,0,28
BRDA:221,35,1,2
BRDA:223,36,0,2
BRDA:223,36,1,25
BRDA:223,37,0,27
BRDA:223,37,1,4
BRDA:223,37,2,4
BRDA:223,37,3,3
BRDA:238,38,0,75
BRDA:238,38,1,4
BRDA:279,39,0,25
BRDA:279,39,1,25
BRDA:289,40,0,2
BRDA:289,40,1,23
BRDA:301,41,0,2
BRDA:301,41,1,23
BRDA:302,42,0,1
BRDA:302,42,1,24
BRDA:305,43,0,2
BRDA:305,43,1,23
BRDA:305,44,0,2
BRDA:305,44,1,23
BRDA:306,45,0,2
BRDA:306,45,1,23
BRDA:309,46,0,2
BRDA:309,46,1,23
BRDA:327,47,0,5
BRDA:327,47,1,20
BRDA:327,48,0,25
BRDA:327,48,1,6
BRDA:329,49,0,6
BRDA:329,49,1,7
BRDA:330,50,0,5
BRDA:330,50,1,1
BRDA:331,51,0,1
BRDA:331,51,1,4
BRDA:334,52,0,3
BRDA:334,52,1,4
BRDA:335,53,0,3
BRDA:335,53,1,0
BRDA:336,54,0,0
BRDA:336,54,1,3
BRDA:339,55,0,4
BRDA:339,55,1,0
BRDA:340,56,0,3
BRDA:340,56,1,1
BRDA:341,57,0,0
BRDA:341,57,1,3
BRDA:405,58,0,2
BRDA:405,58,1,1
BRDA:405,59,0,3
BRDA:405,59,1,3
BRDA:407,60,0,1
BRDA:407,60,1,0
BRDA:407,61,0,1
BRDA:407,61,1,1
BRDA:407,61,2,1
BRDA:407,61,3,1
BRDA:415,62,0,1
BRDA:415,62,1,2
BRDA:415,63,0,3
BRDA:415,63,1,2
BRDA:417,64,0,1
BRDA:417,64,1,1
BRDA:417,65,0,2
BRDA:417,65,1,2
BRDA:417,65,2,1
BRDA:417,65,3,1
BRDA:425,66,0,0
BRDA:425,66,1,3
BRDA:425,67,0,3
BRDA:425,67,1,0
BRDA:427,68,0,0
BRDA:427,68,1,3
BRDA:427,69,0,3
BRDA:427,69,1,3
BRDA:427,69,2,2
BRDA:427,69,3,0
BRDA:433,70,0,0
BRDA:433,70,1,3
BRDA:435,71,0,0
BRDA:435,71,1,3
BRDA:435,72,0,3
BRDA:435,72,1,2
BRDA:438,73,0,0
BRDA:438,73,1,3
BRDA:440,74,0,0
BRDA:440,74,1,3
BRDA:440,75,0,3
BRDA:440,75,1,2
BRDA:443,76,0,0
BRDA:443,76,1,3
BRDA:445,77,0,0
BRDA:445,77,1,3
BRDA:445,78,0,3
BRDA:445,78,1,2
BRDA:448,79,0,0
BRDA:448,79,1,3
BRDA:450,80,0,0
BRDA:450,80,1,3
BRDA:450,81,0,3
BRDA:450,81,1,2
BRDA:454,82,0,3
BRDA:454,82,1,2
BRDA:457,83,0,0
BRDA:457,83,1,0
BRDA:457,84,0,0
BRDA:457,84,1,0
BRDA:457,85,0,0
BRDA:457,85,1,0
BRDA:459,86,0,0
BRDA:459,86,1,0
BRDA:460,87,0,0
BRDA:460,87,1,0
BRDA:463,88,0,0
BRDA:463,88,1,0
BRDA:464,89,0,0
BRDA:464,89,1,0
BRDA:465,90,0,0
BRDA:465,90,1,0
BRDA:467,91,0,0
BRDA:467,91,1,0
BRDA:468,92,0,0
BRDA:468,92,1,0
BRDA:469,93,0,0
BRDA:469,93,1,0
BRDA:470,94,0,0
BRDA:470,94,1,0
BRDA:471,95,0,0
BRDA:471,95,1,0
BRDA:472,96,0,0
BRDA:472,96,1,0
BRDA:473,97,0,0
BRDA:473,97,1,0
BRDA:474,98,0,0
BRDA:474,98,1,0
BRDA:475,99,0,0
BRDA:475,99,1,0
BRDA:476,100,0,0
BRDA:476,100,1,0
BRDA:477,101,0,0
BRDA:477,101,1,0
BRDA:478,102,0,0
BRDA:478,102,1,0
BRDA:479,103,0,0
BRDA:479,103,1,0
BRDA:480,104,0,0
BRDA:480,104,1,0
BRDA:481,105,0,0
BRDA:481,105,1,0
BRDA:482,106,0,0
BRDA:482,106,1,0
BRDA:483,107,0,0
BRDA:483,107,1,0
BRDA:484,108,0,0
BRDA:484,108,1,0
BRDA:485,109,0,0
BRDA:485,109,1,0
BRDA:491,110,0,0
BRDA:491,110,1,0
BRDA:492,111,0,0
BRDA:492,111,1,0
BRDA:493,112,0,0
BRDA:493,112,1,0
BRDA:494,113,0,0
BRDA:494,113,1,0
BRDA:495,114,0,0
BRDA:495,114,1,0
BRDA:496,115,0,0
BRDA:496,115,1,0
BRDA:497,116,0,0
BRDA:497,116,1,0
BRDA:499,117,0,0
BRDA:499,117,1,0
BRDA:502,118,0,0
BRDA:502,118,1,0
BRDA:502,119,0,0
BRDA:502,119,1,0
BRDA:502,120,0,0
BRDA:502,120,1,0
BRDA:502,121,0,0
BRDA:502,121,1,0
BRDA:514,122,0,0
BRDA:514,122,1,0
BRDA:526,123,0,0
BRDA:526,123,1,0
BRDA:527,124,0,0
BRDA:527,124,1,0
BRDA:530,125,0,0
BRDA:530,125,1,0
BRDA:530,126,0,0
BRDA:530,126,1,0
BRDA:531,127,0,0
BRDA:531,127,1,0
BRDA:534,128,0,0
BRDA:534,128,1,0
BRDA:553,129,0,0
BRDA:553,129,1,0
BRDA:554,130,0,0
BRDA:554,130,1,0
BRDA:555,131,0,0
BRDA:555,131,1,0
BRDA:558,132,0,0
BRDA:558,132,1,0
BRDA:559,133,0,0
BRDA:559,133,1,0
BRDA:560,134,0,0
BRDA:560,134,1,0
BRDA:563,135,0,0
BRDA:563,135,1,0
BRDA:564,136,0,0
BRDA:564,136,1,0
BRDA:565,137,0,0
BRDA:565,137,1,0
BRDA:575,138,0,0
BRDA:575,138,1,0
BRDA:577,139,0,0
BRDA:577,139,1,0
BRDA:578,140,0,0
BRDA:578,140,1,0
BRDA:584,141,0,0
BRDA:584,141,1,0
BRDA:588,142,0,0
BRDA:588,142,1,0
BRDA:595,143,0,0
BRDA:595,143,1,0
BRDA:596,144,0,0
BRDA:596,144,1,0
BRDA:597,145,0,0
BRDA:597,145,1,0
BRDA:599,146,0,0
BRDA:599,146,1,0
BRDA:600,147,0,0
BRDA:600,147,1,0
BRDA:601,148,0,0
BRDA:601,148,1,0
BRDA:602,149,0,0
BRDA:602,149,1,0
BRDA:603,150,0,0
BRDA:603,150,1,0
BRDA:604,151,0,0
BRDA:604,151,1,0
BRDA:605,152,0,0
BRDA:605,152,1,0
BRDA:606,153,0,0
BRDA:606,153,1,0
BRDA:645,154,0,5
BRDA:645,154,1,3
BRDA:647,155,0,2
BRDA:647,155,1,6
BRDA:647,156,0,8
BRDA:647,156,1,8
BRDA:647,156,2,2
BRDA:651,157,0,2
BRDA:651,157,1,4
BRDA:651,158,0,8
BRDA:651,158,1,2
BRDA:669,159,0,1
BRDA:669,159,1,0
BRDA:669,160,0,1
BRDA:669,160,1,1
BRDA:671,161,0,0
BRDA:671,161,1,0
BRDA:671,162,0,0
BRDA:671,162,1,0
BRDA:673,163,0,0
BRDA:673,163,1,0
BRDA:673,164,0,0
BRDA:673,164,1,0
BRDA:673,164,2,0
BRDA:673,164,3,0
BRDA:681,165,0,0
BRDA:681,165,1,1
BRDA:681,166,0,1
BRDA:681,166,1,0
BRDA:683,167,0,0
BRDA:683,167,1,1
BRDA:683,168,0,1
BRDA:683,168,1,0
BRDA:685,169,0,1
BRDA:685,169,1,0
BRDA:685,170,0,1
BRDA:685,170,1,1
BRDA:685,170,2,1
BRDA:685,170,3,1
BRDA:693,171,0,0
BRDA:693,171,1,1
BRDA:693,172,0,1
BRDA:693,172,1,0
BRDA:695,173,0,0
BRDA:695,173,1,1
BRDA:695,174,0,1
BRDA:695,174,1,1
BRDA:695,174,2,1
BRDA:695,174,3,0
BRDA:701,175,0,0
BRDA:701,175,1,1
BRDA:703,176,0,0
BRDA:703,176,1,1
BRDA:703,177,0,1
BRDA:703,177,1,1
BRDA:706,178,0,0
BRDA:706,178,1,1
BRDA:708,179,0,0
BRDA:708,179,1,1
BRDA:708,180,0,1
BRDA:708,180,1,1
BRDA:711,181,0,0
BRDA:711,181,1,1
BRDA:713,182,0,0
BRDA:713,182,1,1
BRDA:713,183,0,1
BRDA:713,183,1,1
BRDA:716,184,0,0
BRDA:716,184,1,1
BRDA:718,185,0,0
BRDA:718,185,1,1
BRDA:718,186,0,1
BRDA:718,186,1,1
BRDA:722,187,0,1
BRDA:722,187,1,0
BRDA:723,188,0,0
BRDA:723,188,1,0
BRDA:726,189,0,0
BRDA:726,189,1,0
BRDA:726,190,0,0
BRDA:726,190,1,0
BRDA:726,191,0,0
BRDA:726,191,1,0
BRDA:734,192,0,0
BRDA:734,192,1,0
BRDA:735,193,0,0
BRDA:735,193,1,0
BRDA:736,194,0,0
BRDA:736,194,1,0
BRDA:737,195,0,0
BRDA:737,195,1,0
BRDA:738,196,0,0
BRDA:738,196,1,0
BRDA:740,197,0,0
BRDA:740,197,1,0
BRDA:741,198,0,0
BRDA:741,198,1,0
BRDA:742,199,0,0
BRDA:742,199,1,0
BRDA:743,200,0,0
BRDA:743,200,1,0
BRDA:744,201,0,0
BRDA:744,201,1,0
BRDA:745,202,0,0
BRDA:745,202,1,0
BRDA:746,203,0,0
BRDA:746,203,1,0
BRDA:747,204,0,0
BRDA:747,204,1,0
BRDA:748,205,0,0
BRDA:748,205,1,0
BRDA:750,206,0,0
BRDA:750,206,1,0
BRDA:751,207,0,0
BRDA:751,207,1,0
BRDA:752,208,0,0
BRDA:752,208,1,0
BRDA:753,209,0,0
BRDA:753,209,1,0
BRDA:754,210,0,0
BRDA:754,210,1,0
BRDA:756,211,0,0
BRDA:756,211,1,0
BRDA:757,212,0,0
BRDA:757,212,1,0
BRDA:759,213,0,0
BRDA:759,213,1,0
BRDA:760,214,0,0
BRDA:760,214,1,0
BRDA:761,215,0,0
BRDA:761,215,1,0
BRDA:762,216,0,0
BRDA:762,216,1,0
BRDA:763,217,0,0
BRDA:763,217,1,0
BRDA:764,218,0,0
BRDA:764,218,1,0
BRDA:765,219,0,0
BRDA:765,219,1,0
BRDA:767,220,0,0
BRDA:767,220,1,0
BRDA:768,221,0,0
BRDA:768,221,1,0
BRDA:769,222,0,0
BRDA:769,222,1,0
BRDA:770,223,0,0
BRDA:770,223,1,0
BRDA:771,224,0,0
BRDA:771,224,1,0
BRDA:772,225,0,0
BRDA:772,225,1,0
BRDA:773,226,0,0
BRDA:773,226,1,0
BRDA:774,227,0,0
BRDA:774,227,1,0
BRDA:775,228,0,0
BRDA:775,228,1,0
BRDA:778,229,0,0
BRDA:778,229,1,0
BRDA:778,230,0,0
BRDA:778,230,1,0
BRDA:780,231,0,0
BRDA:780,231,1,0
BRDA:785,232,0,0
BRDA:785,232,1,0
BRDA:785,233,0,0
BRDA:785,233,1,0
BRDA:787,234,0,0
BRDA:787,234,1,0
BRDA:791,235,0,0
BRDA:791,235,1,0
BRDA:791,236,0,0
BRDA:791,236,1,0
BRDA:791,237,0,0
BRDA:791,237,1,0
BRDA:791,238,0,0
BRDA:791,238,1,0
BRDA:803,239,0,0
BRDA:803,239,1,0
BRDA:807,240,0,0
BRDA:807,240,1,0
BRDA:821,241,0,0
BRDA:821,241,1,0
BRDA:825,242,0,0
BRDA:825,242,1,0
BRDA:834,243,0,0
BRDA:834,243,1,0
BRDA:835,244,0,0
BRDA:835,244,1,0
BRDA:855,245,0,2
BRDA:855,245,1,2
BRDA:856,246,0,2
BRDA:856,246,1,2
BRDA:857,247,0,2
BRDA:857,247,1,2
BRDA:858,248,0,2
BRDA:858,248,1,2
BRDA:866,249,0,5
BRDA:866,249,1,1
BRDA:868,250,0,15
BRDA:868,250,1,3
BRDA:911,251,0,2
BRDA:911,251,1,3
BRDA:911,252,0,5
BRDA:911,252,1,3
BRDA:918,253,0,4
BRDA:918,253,1,0
BRDA:929,254,0,2
BRDA:929,254,1,2
BRDA:930,255,0,2
BRDA:930,255,1,2
BRDA:930,256,0,4
BRDA:930,256,1,4
BRDA:931,257,0,2
BRDA:931,257,1,2
BRDA:931,258,0,4
BRDA:931,258,1,4
BRDA:932,259,0,2
BRDA:932,259,1,2
BRDA:932,260,0,4
BRDA:932,260,1,4
BRDA:960,261,0,1
BRDA:970,262,0,6
BRDA:970,262,1,3
BRDA:970,263,0,9
BRDA:970,263,1,7
BRDA:973,264,0,20
BRDA:973,264,1,2
BRDA:974,265,0,20
BRDA:974,265,1,2
BRDA:974,266,0,0
BRDA:974,266,1,22
BRDA:975,267,0,20
BRDA:975,267,1,2
BRDA:975,268,0,17
BRDA:975,268,1,5
BRDA:976,269,0,20
BRDA:976,269,1,2
BRDA:976,270,0,16
BRDA:976,270,1,6
BRDA:977,271,0,20
BRDA:977,271,1,2
BRDA:977,272,0,16
BRDA:977,272,1,6
BRDA:978,273,0,20
BRDA:978,273,1,2
BRDA:978,274,0,16
BRDA:978,274,1,6
BRDA:980,275,0,2
BRDA:980,275,1,20
BRDA:985,276,0,4
BRDA:985,276,1,2
BRDA:987,277,0,22
BRDA:987,277,1,4
BRDA:988,278,0,22
BRDA:988,278,1,4
BRDA:989,279,0,22
BRDA:989,279,1,4
BRDA:990,280,0,22
BRDA:990,280,1,4
BRDA:991,281,0,22
BRDA:991,281,1,4
BRDA:992,282,0,22
BRDA:992,282,1,4
BRDA:1039,283,0,0
BRDA:1039,283,1,3
BRDA:1039,284,0,1
BRDA:1039,284,1,2
BRDA:1039,285,0,3
BRDA:1039,285,1,1
BRDA:1040,286,0,0
BRDA:1040,286,1,0
BRDA:1041,287,0,0
BRDA:1041,287,1,0
BRDA:1042,288,0,0
BRDA:1042,288,1,0
BRDA:1044,289,0,0
BRDA:1044,289,1,0
BRDA:1045,290,0,0
BRDA:1045,290,1,0
BRDA:1048,291,0,0
BRDA:1048,291,1,0
BRDA:1048,292,0,0
BRDA:1048,292,1,0
BRDA:1048,293,0,0
BRDA:1048,293,1,0
BRDA:1050,294,0,0
BRDA:1050,294,1,0
BRDA:1051,295,0,0
BRDA:1051,295,1,0
BRDA:1052,296,0,0
BRDA:1052,296,1,0
BRDA:1053,297,0,0
BRDA:1053,297,1,0
BRDA:1054,298,0,0
BRDA:1054,298,1,0
BRDA:1054,299,0,0
BRDA:1054,299,1,0
BRDA:1055,300,0,0
BRDA:1055,300,1,0
BRDA:1055,301,0,0
BRDA:1055,301,1,0
BRDA:1056,302,0,0
BRDA:1056,302,1,0
BRDA:1056,303,0,0
BRDA:1056,303,1,0
BRDA:1057,304,0,0
BRDA:1057,304,1,0
BRDA:1057,305,0,0
BRDA:1057,305,1,0
BRDA:1058,306,0,0
BRDA:1058,306,1,0
BRDA:1059,307,0,0
BRDA:1059,307,1,0
BRDA:1060,308,0,0
BRDA:1060,308,1,0
BRDA:1072,309,0,0
BRDA:1072,309,1,0
BRDA:1076,310,0,0
BRDA:1076,310,1,0
BRDA:1090,311,0,0
BRDA:1090,311,1,0
BRDA:1094,312,0,0
BRDA:1094,312,1,0
BRDA:1131,313,0,1
BRDA:1131,313,1,2
BRDA:1131,314,0,2
BRDA:1131,314,1,2
BRDA:1132,315,0,0
BRDA:1132,315,1,0
BRDA:1133,316,0,0
BRDA:1133,316,1,0
BRDA:1134,317,0,0
BRDA:1134,317,1,0
BRDA:1136,318,0,0
BRDA:1136,318,1,0
BRDA:1137,319,0,0
BRDA:1137,319,1,0
BRDA:1140,320,0,0
BRDA:1140,320,1,0
BRDA:1140,321,0,0
BRDA:1140,321,1,0
BRDA:1140,322,0,0
BRDA:1140,322,1,0
BRDA:1142,323,0,0
BRDA:1142,323,1,0
BRDA:1143,324,0,0
BRDA:1143,324,1,0
BRDA:1144,325,0,0
BRDA:1144,325,1,0
BRDA:1145,326,0,0
BRDA:1145,326,1,0
BRDA:1145,327,0,0
BRDA:1145,327,1,0
BRDA:1146,328,0,0
BRDA:1146,328,1,0
BRDA:1146,329,0,0
BRDA:1146,329,1,0
BRDA:1147,330,0,0
BRDA:1147,330,1,0
BRDA:1147,331,0,0
BRDA:1147,331,1,0
BRDA:1148,332,0,0
BRDA:1148,332,1,0
BRDA:1148,333,0,0
BRDA:1148,333,1,0
BRDA:1149,334,0,0
BRDA:1149,334,1,0
BRDA:1149,335,0,0
BRDA:1149,335,1,0
BRDA:1150,336,0,0
BRDA:1150,336,1,0
BRDA:1151,337,0,0
BRDA:1151,337,1,0
BRDA:1152,338,0,0
BRDA:1152,338,1,0
BRDA:1153,339,0,0
BRDA:1153,339,1,0
BRDA:1154,340,0,0
BRDA:1154,340,1,0
BRDA:1155,341,0,0
BRDA:1155,341,1,0
BRDA:1156,342,0,0
BRDA:1156,342,1,0
BRDA:1157,343,0,0
BRDA:1157,343,1,0
BRDA:1158,344,0,0
BRDA:1158,344,1,0
BRDA:1159,345,0,0
BRDA:1159,345,1,0
BRDA:1159,346,0,0
BRDA:1159,346,1,0
BRDA:1160,347,0,0
BRDA:1160,347,1,0
BRDA:1161,348,0,0
BRDA:1161,348,1,0
BRDA:1162,349,0,0
BRDA:1162,349,1,0
BRDA:1163,350,0,0
BRDA:1163,350,1,0
BRDA:1164,351,0,0
BRDA:1164,351,1,0
BRDA:1165,352,0,0
BRDA:1165,352,1,0
BRDA:1166,353,0,0
BRDA:1166,353,1,0
BRDA:1167,354,0,0
BRDA:1167,354,1,0
BRDA:1168,355,0,0
BRDA:1168,355,1,0
BRDA:1169,356,0,0
BRDA:1169,356,1,0
BRDA:1170,357,0,0
BRDA:1170,357,1,0
BRDA:1179,358,0,0
BRDA:1179,358,1,0
BRDA:1180,359,0,0
BRDA:1180,359,1,0
BRDA:1181,360,0,0
BRDA:1181,360,1,0
BRDA:1184,361,0,0
BRDA:1184,361,1,0
BRDA:1185,362,0,0
BRDA:1185,362,1,0
BRDA:1186,363,0,0
BRDA:1186,363,1,0
BRDA:1189,364,0,0
BRDA:1189,364,1,0
BRDA:1190,365,0,0
BRDA:1190,365,1,0
BRDA:1191,366,0,0
BRDA:1191,366,1,0
BRDA:1210,367,0,0
BRDA:1210,367,1,0
BRDA:1214,368,0,0
BRDA:1214,368,1,0
BRF:753
BRH:281
end_of_record
TN:
SF:src/helpers/s3Operations.js
FN:7,s3FSRFileOperations
FNF:1
FNH:1
FNDA:25,s3FSRFileOperations
DA:1,1
DA:2,1
DA:3,1
DA:5,1
DA:8,25
DA:9,25
DA:10,25
DA:12,25
DA:17,25
DA:19,15
DA:20,15
DA:21,15
DA:27,15
DA:28,10
DA:29,10
DA:32,5
DA:33,2
DA:34,2
DA:37,4
DA:41,3
DA:42,3
DA:45,1
DA:49,10
DA:50,10
DA:54,1
LF:25
LH:25
BRDA:7,0,0,0
BRDA:7,1,0,0
BRDA:7,2,0,0
BRDA:7,3,0,24
BRDA:10,4,0,4
BRDA:10,4,1,21
BRDA:17,5,0,15
BRDA:17,5,1,5
BRDA:17,5,2,4
BRDA:17,5,3,1
BRF:10
BRH:7
end_of_record
TN:
SF:src/utils/config.js
FN:4,(anonymous_0)
FN:8,(anonymous_1)
FN:39,(anonymous_2)
FN:48,(anonymous_3)
FN:49,(anonymous_4)
FN:58,(anonymous_5)
FN:62,(anonymous_6)
FN:72,(anonymous_7)
FN:104,(anonymous_8)
FNF:9
FNH:9
FNDA:3,(anonymous_0)
FNDA:3,(anonymous_1)
FNDA:4,(anonymous_2)
FNDA:16,(anonymous_3)
FNDA:2,(anonymous_4)
FNDA:5,(anonymous_5)
FNDA:3,(anonymous_6)
FNDA:4,(anonymous_7)
FNDA:2,(anonymous_8)
DA:1,3
DA:5,3
DA:10,3
DA:17,3
DA:24,3
DA:32,3
DA:40,4
DA:47,4
DA:48,16
DA:49,2
DA:51,4
DA:52,1
DA:55,3
DA:59,5
DA:63,3
DA:73,4
DA:97,4
DA:98,1
DA:101,4
DA:105,2
DA:116,3
DA:118,3
LF:22
LH:22
BRDA:11,0,0,3
BRDA:11,0,1,0
BRDA:19,1,0,3
BRDA:19,1,1,0
BRDA:25,2,0,3
BRDA:25,2,1,0
BRDA:26,3,0,3
BRDA:26,3,1,0
BRDA:27,4,0,3
BRDA:27,4,1,0
BRDA:33,5,0,3
BRDA:33,5,1,3
BRDA:51,6,0,1
BRDA:51,6,1,3
BRDA:59,7,0,5
BRDA:59,7,1,4
BRDA:59,7,2,4
BRDA:97,8,0,1
BRDA:97,8,1,3
BRDA:97,9,0,4
BRDA:97,9,1,1
BRF:21
BRH:16
end_of_record
TN:
SF:src/utils/constants.js
FN:2,sleep
FN:3,(anonymous_1)
FN:6,isJSON
FN:16,formatDateTime
FN:30,validateRequiredParams
FN:31,(anonymous_5)
FN:39,generateFileName
FN:45,sanitizeHtml
FNF:8
FNH:8
FNDA:3,sleep
FNDA:3,(anonymous_1)
FNDA:24,isJSON
FNDA:27,formatDateTime
FNDA:8,validateRequiredParams
FNDA:16,(anonymous_5)
FNDA:5,generateFileName
FNDA:11,sanitizeHtml
DA:3,3
DA:7,24
DA:8,24
DA:9,13
DA:11,11
DA:17,27
DA:31,16
DA:32,8
DA:33,4
DA:35,4
DA:40,5
DA:41,5
DA:46,11
DA:47,8
DA:55,7
LF:15
LH:15
BRDA:16,0,0,25
BRDA:32,1,0,4
BRDA:32,1,1,4
BRDA:39,2,0,4
BRDA:46,3,0,3
BRDA:46,3,1,8
BRF:6
BRH:6
end_of_record
TN:
SF:src/utils/logger.js
FN:4,(anonymous_0)
FN:8,(anonymous_1)
FN:15,(anonymous_2)
FN:19,(anonymous_3)
FN:23,(anonymous_4)
FN:28,(anonymous_5)
FN:37,(anonymous_6)
FN:46,(anonymous_7)
FN:58,(anonymous_8)
FNF:9
FNH:9
FNDA:3,(anonymous_0)
FNDA:16,(anonymous_1)
FNDA:30,(anonymous_2)
FNDA:4,(anonymous_3)
FNDA:16,(anonymous_4)
FNDA:4,(anonymous_5)
FNDA:6,(anonymous_6)
FNDA:5,(anonymous_7)
FNDA:34,(anonymous_8)
DA:1,3
DA:5,3
DA:9,16
DA:10,13
DA:11,13
DA:16,30
DA:20,4
DA:24,16
DA:29,4
DA:38,6
DA:47,5
DA:48,5
DA:49,3
DA:50,2
DA:51,1
DA:53,1
DA:59,34
DA:60,34
DA:61,22
DA:62,12
DA:63,11
DA:65,1
DA:71,3
DA:73,3
LF:24
LH:24
BRDA:4,0,0,3
BRDA:5,1,0,3
BRDA:5,1,1,3
BRDA:8,2,0,3
BRDA:8,3,0,5
BRDA:9,4,0,13
BRDA:9,4,1,3
BRDA:15,5,0,4
BRDA:19,6,0,3
BRDA:23,7,0,2
BRDA:28,8,0,3
BRDA:37,9,0,5
BRDA:46,10,0,2
BRDA:48,11,0,3
BRDA:48,11,1,2
BRDA:50,12,0,1
BRDA:50,12,1,1
BRDA:58,13,0,11
BRDA:60,14,0,22
BRDA:60,14,1,12
BRDA:62,15,0,11
BRDA:62,15,1,1
BRF:22
BRH:22
end_of_record
TN:
SF:src/utils/templateLoader.js
FN:5,(anonymous_0)
FN:11,(anonymous_1)
FN:14,(anonymous_2)
FN:31,(anonymous_3)
FN:38,(anonymous_4)
FN:42,(anonymous_5)
FN:46,(anonymous_6)
FN:51,(anonymous_7)
FN:62,(anonymous_8)
FN:81,(anonymous_9)
FN:85,(anonymous_10)
FNF:11
FNH:11
FNDA:1,(anonymous_0)
FNDA:26,(anonymous_1)
FNDA:130,(anonymous_2)
FNDA:11,(anonymous_3)
FNDA:2,(anonymous_4)
FNDA:5,(anonymous_5)
FNDA:7,(anonymous_6)
FNDA:38,(anonymous_7)
FNDA:8,(anonymous_8)
FNDA:3,(anonymous_9)
FNDA:3,(anonymous_10)
DA:1,1
DA:2,1
DA:6,1
DA:7,1
DA:8,1
DA:12,26
DA:14,26
DA:15,130
DA:16,130
DA:18,130
DA:19,130
DA:20,25
DA:21,24
DA:23,100
DA:26,6
DA:32,11
DA:33,3
DA:35,8
DA:39,2
DA:43,5
DA:47,7
DA:50,6
DA:51,6
DA:52,38
DA:55,6
DA:56,3
DA:59,6
DA:63,8
DA:65,8
DA:67,6
DA:69,0
DA:71,0
DA:73,0
DA:75,0
DA:77,2
DA:82,3
DA:83,3
DA:85,3
DA:86,3
DA:89,3
DA:93,1
LF:41
LH:37
BRDA:19,0,0,25
BRDA:19,0,1,100
BRDA:32,1,0,3
BRDA:32,1,1,8
BRDA:55,2,0,3
BRDA:55,2,1,3
BRDA:65,3,0,6
BRDA:65,3,1,0
BRDA:65,3,2,0
BRDA:65,3,3,0
BRDA:65,3,4,0
BRDA:65,3,5,2
BRF:12
BRH:8
end_of_record
